2020-02-05 15:59:56,464 [Worker-39] INFO  o.e.m.c.i.e.AbstractTransferListenerAdapter - Downloading https://repo.maven.apache.org/maven2/org/apache/maven/plugins/maven-compiler-plugin/3.5.1/maven-compiler-plugin-3.5.1.jar
2020-02-05 15:59:56,493 [Worker-39] INFO  o.e.m.c.i.e.AbstractTransferListenerAdapter - Downloaded https://repo.maven.apache.org/maven2/org/apache/maven/plugins/maven-compiler-plugin/3.5.1/maven-compiler-plugin-3.5.1.jar
2020-02-05 15:59:56,607 [Worker-39] INFO  o.e.m.c.i.e.AbstractTransferListenerAdapter - Downloading https://repo.maven.apache.org/maven2/org/apache/maven/plugins/maven-war-plugin/2.2/maven-war-plugin-2.2.jar
2020-02-05 15:59:56,642 [Worker-39] INFO  o.e.m.c.i.e.AbstractTransferListenerAdapter - Downloaded https://repo.maven.apache.org/maven2/org/apache/maven/plugins/maven-war-plugin/2.2/maven-war-plugin-2.2.jar
2020-02-05 15:59:56,699 [Worker-39] INFO  o.e.m.c.i.e.AbstractTransferListenerAdapter - Downloading https://repo.maven.apache.org/maven2/org/apache/maven/plugins/maven-compiler-plugin/3.5.1/maven-compiler-plugin-3.5.1.pom
2020-02-05 15:59:56,713 [Worker-39] INFO  o.e.m.c.i.e.AbstractTransferListenerAdapter - Downloaded https://repo.maven.apache.org/maven2/org/apache/maven/plugins/maven-compiler-plugin/3.5.1/maven-compiler-plugin-3.5.1.pom
2020-02-05 15:59:56,733 [Worker-39] INFO  o.e.m.c.i.e.AbstractTransferListenerAdapter - Downloading https://repo.maven.apache.org/maven2/org/apache/maven/plugins/maven-plugins/28/maven-plugins-28.pom
2020-02-05 15:59:56,746 [Worker-39] INFO  o.e.m.c.i.e.AbstractTransferListenerAdapter - Downloaded https://repo.maven.apache.org/maven2/org/apache/maven/plugins/maven-plugins/28/maven-plugins-28.pom
2020-02-05 15:59:56,761 [Worker-39] INFO  o.e.m.c.i.e.AbstractTransferListenerAdapter - Downloading https://repo.maven.apache.org/maven2/org/apache/maven/maven-parent/27/maven-parent-27.pom
2020-02-05 15:59:56,777 [Worker-39] INFO  o.e.m.c.i.e.AbstractTransferListenerAdapter - Downloaded https://repo.maven.apache.org/maven2/org/apache/maven/maven-parent/27/maven-parent-27.pom
2020-02-05 15:59:56,795 [Worker-39] INFO  o.e.m.c.i.e.AbstractTransferListenerAdapter - Downloading https://repo.maven.apache.org/maven2/org/apache/apache/17/apache-17.pom
2020-02-05 15:59:56,809 [Worker-39] INFO  o.e.m.c.i.e.AbstractTransferListenerAdapter - Downloaded https://repo.maven.apache.org/maven2/org/apache/apache/17/apache-17.pom
2020-02-05 15:59:56,854 [Worker-39] INFO  o.e.m.c.i.e.AbstractTransferListenerAdapter - Downloading https://repo.maven.apache.org/maven2/org/apache/maven/maven-plugin-api/3.0/maven-plugin-api-3.0.pom
2020-02-05 15:59:56,871 [Worker-39] INFO  o.e.m.c.i.e.AbstractTransferListenerAdapter - Downloaded https://repo.maven.apache.org/maven2/org/apache/maven/maven-plugin-api/3.0/maven-plugin-api-3.0.pom
2020-02-05 15:59:56,889 [Worker-39] INFO  o.e.m.c.i.e.AbstractTransferListenerAdapter - Downloading https://repo.maven.apache.org/maven2/org/apache/maven/maven/3.0/maven-3.0.pom
2020-02-05 15:59:56,913 [Worker-39] INFO  o.e.m.c.i.e.AbstractTransferListenerAdapter - Downloaded https://repo.maven.apache.org/maven2/org/apache/maven/maven/3.0/maven-3.0.pom
2020-02-05 15:59:56,931 [Worker-39] INFO  o.e.m.c.i.e.AbstractTransferListenerAdapter - Downloading https://repo.maven.apache.org/maven2/org/apache/maven/maven-parent/15/maven-parent-15.pom
2020-02-05 15:59:56,955 [Worker-39] INFO  o.e.m.c.i.e.AbstractTransferListenerAdapter - Downloaded https://repo.maven.apache.org/maven2/org/apache/maven/maven-parent/15/maven-parent-15.pom
2020-02-05 15:59:56,981 [Worker-39] INFO  o.e.m.c.i.e.AbstractTransferListenerAdapter - Downloading https://repo.maven.apache.org/maven2/org/apache/maven/maven-model/3.0/maven-model-3.0.pom
2020-02-05 15:59:56,994 [Worker-39] INFO  o.e.m.c.i.e.AbstractTransferListenerAdapter - Downloaded https://repo.maven.apache.org/maven2/org/apache/maven/maven-model/3.0/maven-model-3.0.pom
2020-02-05 15:59:57,020 [Worker-39] INFO  o.e.m.c.i.e.AbstractTransferListenerAdapter - Downloading https://repo.maven.apache.org/maven2/org/codehaus/plexus/plexus-utils/2.0.4/plexus-utils-2.0.4.pom
2020-02-05 15:59:57,037 [Worker-39] INFO  o.e.m.c.i.e.AbstractTransferListenerAdapter - Downloaded https://repo.maven.apache.org/maven2/org/codehaus/plexus/plexus-utils/2.0.4/plexus-utils-2.0.4.pom
2020-02-05 15:59:57,063 [Worker-39] INFO  o.e.m.c.i.e.AbstractTransferListenerAdapter - Downloading https://repo.maven.apache.org/maven2/org/apache/maven/maven-artifact/3.0/maven-artifact-3.0.pom
2020-02-05 15:59:57,074 [Worker-39] INFO  o.e.m.c.i.e.AbstractTransferListenerAdapter - Downloaded https://repo.maven.apache.org/maven2/org/apache/maven/maven-artifact/3.0/maven-artifact-3.0.pom
2020-02-05 15:59:57,093 [Worker-39] INFO  o.e.m.c.i.e.AbstractTransferListenerAdapter - Downloading https://repo.maven.apache.org/maven2/org/sonatype/sisu/sisu-inject-plexus/1.4.2/sisu-inject-plexus-1.4.2.pom
2020-02-05 15:59:57,106 [Worker-39] INFO  o.e.m.c.i.e.AbstractTransferListenerAdapter - Downloaded https://repo.maven.apache.org/maven2/org/sonatype/sisu/sisu-inject-plexus/1.4.2/sisu-inject-plexus-1.4.2.pom
2020-02-05 15:59:57,119 [Worker-39] INFO  o.e.m.c.i.e.AbstractTransferListenerAdapter - Downloading https://repo.maven.apache.org/maven2/org/sonatype/sisu/inject/guice-plexus/1.4.2/guice-plexus-1.4.2.pom
2020-02-05 15:59:57,129 [Worker-39] INFO  o.e.m.c.i.e.AbstractTransferListenerAdapter - Downloaded https://repo.maven.apache.org/maven2/org/sonatype/sisu/inject/guice-plexus/1.4.2/guice-plexus-1.4.2.pom
2020-02-05 15:59:57,144 [Worker-39] INFO  o.e.m.c.i.e.AbstractTransferListenerAdapter - Downloading https://repo.maven.apache.org/maven2/org/sonatype/sisu/inject/guice-bean/1.4.2/guice-bean-1.4.2.pom
2020-02-05 15:59:57,158 [Worker-39] INFO  o.e.m.c.i.e.AbstractTransferListenerAdapter - Downloaded https://repo.maven.apache.org/maven2/org/sonatype/sisu/inject/guice-bean/1.4.2/guice-bean-1.4.2.pom
2020-02-05 15:59:57,171 [Worker-39] INFO  o.e.m.c.i.e.AbstractTransferListenerAdapter - Downloading https://repo.maven.apache.org/maven2/org/sonatype/sisu/sisu-inject/1.4.2/sisu-inject-1.4.2.pom
2020-02-05 15:59:57,182 [Worker-39] INFO  o.e.m.c.i.e.AbstractTransferListenerAdapter - Downloaded https://repo.maven.apache.org/maven2/org/sonatype/sisu/sisu-inject/1.4.2/sisu-inject-1.4.2.pom
2020-02-05 15:59:57,197 [Worker-39] INFO  o.e.m.c.i.e.AbstractTransferListenerAdapter - Downloading https://repo.maven.apache.org/maven2/org/sonatype/sisu/sisu-parent/1.4.2/sisu-parent-1.4.2.pom
2020-02-05 15:59:57,210 [Worker-39] INFO  o.e.m.c.i.e.AbstractTransferListenerAdapter - Downloaded https://repo.maven.apache.org/maven2/org/sonatype/sisu/sisu-parent/1.4.2/sisu-parent-1.4.2.pom
2020-02-05 15:59:57,227 [Worker-39] INFO  o.e.m.c.i.e.AbstractTransferListenerAdapter - Downloading https://repo.maven.apache.org/maven2/org/sonatype/forge/forge-parent/6/forge-parent-6.pom
2020-02-05 15:59:57,241 [Worker-39] INFO  o.e.m.c.i.e.AbstractTransferListenerAdapter - Downloaded https://repo.maven.apache.org/maven2/org/sonatype/forge/forge-parent/6/forge-parent-6.pom
2020-02-05 15:59:57,271 [Worker-39] INFO  o.e.m.c.i.e.AbstractTransferListenerAdapter - Downloading https://repo.maven.apache.org/maven2/org/codehaus/plexus/plexus-classworlds/2.2.3/plexus-classworlds-2.2.3.pom
2020-02-05 15:59:57,284 [Worker-39] INFO  o.e.m.c.i.e.AbstractTransferListenerAdapter - Downloaded https://repo.maven.apache.org/maven2/org/codehaus/plexus/plexus-classworlds/2.2.3/plexus-classworlds-2.2.3.pom
2020-02-05 15:59:57,305 [Worker-39] INFO  o.e.m.c.i.e.AbstractTransferListenerAdapter - Downloading https://repo.maven.apache.org/maven2/org/sonatype/sisu/sisu-inject-bean/1.4.2/sisu-inject-bean-1.4.2.pom
2020-02-05 15:59:57,327 [Worker-39] INFO  o.e.m.c.i.e.AbstractTransferListenerAdapter - Downloaded https://repo.maven.apache.org/maven2/org/sonatype/sisu/sisu-inject-bean/1.4.2/sisu-inject-bean-1.4.2.pom
2020-02-05 15:59:57,345 [Worker-39] INFO  o.e.m.c.i.e.AbstractTransferListenerAdapter - Downloading https://repo.maven.apache.org/maven2/org/sonatype/sisu/sisu-guice/2.1.7/sisu-guice-2.1.7.pom
2020-02-05 15:59:57,383 [Worker-39] INFO  o.e.m.c.i.e.AbstractTransferListenerAdapter - Downloaded https://repo.maven.apache.org/maven2/org/sonatype/sisu/sisu-guice/2.1.7/sisu-guice-2.1.7.pom
2020-02-05 15:59:57,401 [Worker-39] INFO  o.e.m.c.i.e.AbstractTransferListenerAdapter - Downloading https://repo.maven.apache.org/maven2/org/apache/maven/maven-core/3.0/maven-core-3.0.pom
2020-02-05 15:59:57,412 [Worker-39] INFO  o.e.m.c.i.e.AbstractTransferListenerAdapter - Downloaded https://repo.maven.apache.org/maven2/org/apache/maven/maven-core/3.0/maven-core-3.0.pom
2020-02-05 15:59:57,429 [Worker-39] INFO  o.e.m.c.i.e.AbstractTransferListenerAdapter - Downloading https://repo.maven.apache.org/maven2/org/apache/maven/maven-settings/3.0/maven-settings-3.0.pom
2020-02-05 15:59:57,444 [Worker-39] INFO  o.e.m.c.i.e.AbstractTransferListenerAdapter - Downloaded https://repo.maven.apache.org/maven2/org/apache/maven/maven-settings/3.0/maven-settings-3.0.pom
2020-02-05 15:59:57,462 [Worker-39] INFO  o.e.m.c.i.e.AbstractTransferListenerAdapter - Downloading https://repo.maven.apache.org/maven2/org/apache/maven/maven-settings-builder/3.0/maven-settings-builder-3.0.pom
2020-02-05 15:59:57,474 [Worker-39] INFO  o.e.m.c.i.e.AbstractTransferListenerAdapter - Downloaded https://repo.maven.apache.org/maven2/org/apache/maven/maven-settings-builder/3.0/maven-settings-builder-3.0.pom
2020-02-05 15:59:57,491 [Worker-39] INFO  o.e.m.c.i.e.AbstractTransferListenerAdapter - Downloading https://repo.maven.apache.org/maven2/org/codehaus/plexus/plexus-interpolation/1.14/plexus-interpolation-1.14.pom
2020-02-05 15:59:57,519 [Worker-39] INFO  o.e.m.c.i.e.AbstractTransferListenerAdapter - Downloaded https://repo.maven.apache.org/maven2/org/codehaus/plexus/plexus-interpolation/1.14/plexus-interpolation-1.14.pom
2020-02-05 15:59:57,537 [Worker-39] INFO  o.e.m.c.i.e.AbstractTransferListenerAdapter - Downloading https://repo.maven.apache.org/maven2/org/codehaus/plexus/plexus-components/1.1.18/plexus-components-1.1.18.pom
2020-02-05 15:59:57,554 [Worker-39] INFO  o.e.m.c.i.e.AbstractTransferListenerAdapter - Downloaded https://repo.maven.apache.org/maven2/org/codehaus/plexus/plexus-components/1.1.18/plexus-components-1.1.18.pom
2020-02-05 15:59:57,594 [Worker-39] INFO  o.e.m.c.i.e.AbstractTransferListenerAdapter - Downloading https://repo.maven.apache.org/maven2/org/apache/maven/maven-repository-metadata/3.0/maven-repository-metadata-3.0.pom
2020-02-05 15:59:57,605 [Worker-39] INFO  o.e.m.c.i.e.AbstractTransferListenerAdapter - Downloaded https://repo.maven.apache.org/maven2/org/apache/maven/maven-repository-metadata/3.0/maven-repository-metadata-3.0.pom
2020-02-05 15:59:57,623 [Worker-39] INFO  o.e.m.c.i.e.AbstractTransferListenerAdapter - Downloading https://repo.maven.apache.org/maven2/org/apache/maven/maven-model-builder/3.0/maven-model-builder-3.0.pom
2020-02-05 15:59:57,633 [Worker-39] INFO  o.e.m.c.i.e.AbstractTransferListenerAdapter - Downloaded https://repo.maven.apache.org/maven2/org/apache/maven/maven-model-builder/3.0/maven-model-builder-3.0.pom
2020-02-05 15:59:57,647 [Worker-39] INFO  o.e.m.c.i.e.AbstractTransferListenerAdapter - Downloading https://repo.maven.apache.org/maven2/org/apache/maven/maven-aether-provider/3.0/maven-aether-provider-3.0.pom
2020-02-05 15:59:57,657 [Worker-39] INFO  o.e.m.c.i.e.AbstractTransferListenerAdapter - Downloaded https://repo.maven.apache.org/maven2/org/apache/maven/maven-aether-provider/3.0/maven-aether-provider-3.0.pom
2020-02-05 15:59:57,671 [Worker-39] INFO  o.e.m.c.i.e.AbstractTransferListenerAdapter - Downloading https://repo.maven.apache.org/maven2/org/sonatype/aether/aether-api/1.7/aether-api-1.7.pom
2020-02-05 15:59:57,681 [Worker-39] INFO  o.e.m.c.i.e.AbstractTransferListenerAdapter - Downloaded https://repo.maven.apache.org/maven2/org/sonatype/aether/aether-api/1.7/aether-api-1.7.pom
2020-02-05 15:59:57,693 [Worker-39] INFO  o.e.m.c.i.e.AbstractTransferListenerAdapter - Downloading https://repo.maven.apache.org/maven2/org/sonatype/aether/aether-parent/1.7/aether-parent-1.7.pom
2020-02-05 15:59:57,703 [Worker-39] INFO  o.e.m.c.i.e.AbstractTransferListenerAdapter - Downloaded https://repo.maven.apache.org/maven2/org/sonatype/aether/aether-parent/1.7/aether-parent-1.7.pom
2020-02-05 15:59:57,715 [Worker-39] INFO  o.e.m.c.i.e.AbstractTransferListenerAdapter - Downloading https://repo.maven.apache.org/maven2/org/sonatype/aether/aether-util/1.7/aether-util-1.7.pom
2020-02-05 15:59:57,726 [Worker-39] INFO  o.e.m.c.i.e.AbstractTransferListenerAdapter - Downloaded https://repo.maven.apache.org/maven2/org/sonatype/aether/aether-util/1.7/aether-util-1.7.pom
2020-02-05 15:59:57,739 [Worker-39] INFO  o.e.m.c.i.e.AbstractTransferListenerAdapter - Downloading https://repo.maven.apache.org/maven2/org/sonatype/aether/aether-impl/1.7/aether-impl-1.7.pom
2020-02-05 15:59:57,749 [Worker-39] INFO  o.e.m.c.i.e.AbstractTransferListenerAdapter - Downloaded https://repo.maven.apache.org/maven2/org/sonatype/aether/aether-impl/1.7/aether-impl-1.7.pom
2020-02-05 15:59:57,765 [Worker-39] INFO  o.e.m.c.i.e.AbstractTransferListenerAdapter - Downloading https://repo.maven.apache.org/maven2/org/sonatype/aether/aether-spi/1.7/aether-spi-1.7.pom
2020-02-05 15:59:57,783 [Worker-39] INFO  o.e.m.c.i.e.AbstractTransferListenerAdapter - Downloaded https://repo.maven.apache.org/maven2/org/sonatype/aether/aether-spi/1.7/aether-spi-1.7.pom
2020-02-05 15:59:58,011 [Worker-39] INFO  o.e.m.c.i.e.AbstractTransferListenerAdapter - Downloading https://repo.maven.apache.org/maven2/org/apache/maven/shared/maven-shared-utils/3.0.0/maven-shared-utils-3.0.0.pom
2020-02-05 15:59:58,021 [Worker-39] INFO  o.e.m.c.i.e.AbstractTransferListenerAdapter - Downloaded https://repo.maven.apache.org/maven2/org/apache/maven/shared/maven-shared-utils/3.0.0/maven-shared-utils-3.0.0.pom
2020-02-05 15:59:58,038 [Worker-39] INFO  o.e.m.c.i.e.AbstractTransferListenerAdapter - Downloading https://repo.maven.apache.org/maven2/org/apache/maven/shared/maven-shared-components/21/maven-shared-components-21.pom
2020-02-05 15:59:58,048 [Worker-39] INFO  o.e.m.c.i.e.AbstractTransferListenerAdapter - Downloaded https://repo.maven.apache.org/maven2/org/apache/maven/shared/maven-shared-components/21/maven-shared-components-21.pom
2020-02-05 15:59:58,059 [Worker-39] INFO  o.e.m.c.i.e.AbstractTransferListenerAdapter - Downloading https://repo.maven.apache.org/maven2/org/apache/maven/maven-parent/25/maven-parent-25.pom
2020-02-05 15:59:58,077 [Worker-39] INFO  o.e.m.c.i.e.AbstractTransferListenerAdapter - Downloaded https://repo.maven.apache.org/maven2/org/apache/maven/maven-parent/25/maven-parent-25.pom
2020-02-05 15:59:58,090 [Worker-39] INFO  o.e.m.c.i.e.AbstractTransferListenerAdapter - Downloading https://repo.maven.apache.org/maven2/org/apache/apache/15/apache-15.pom
2020-02-05 15:59:58,105 [Worker-39] INFO  o.e.m.c.i.e.AbstractTransferListenerAdapter - Downloaded https://repo.maven.apache.org/maven2/org/apache/apache/15/apache-15.pom
2020-02-05 15:59:58,118 [Worker-39] INFO  o.e.m.c.i.e.AbstractTransferListenerAdapter - Downloading https://repo.maven.apache.org/maven2/commons-io/commons-io/2.4/commons-io-2.4.pom
2020-02-05 15:59:58,129 [Worker-39] INFO  o.e.m.c.i.e.AbstractTransferListenerAdapter - Downloaded https://repo.maven.apache.org/maven2/commons-io/commons-io/2.4/commons-io-2.4.pom
2020-02-05 15:59:58,139 [Worker-39] INFO  o.e.m.c.i.e.AbstractTransferListenerAdapter - Downloading https://repo.maven.apache.org/maven2/org/apache/commons/commons-parent/25/commons-parent-25.pom
2020-02-05 15:59:58,154 [Worker-39] INFO  o.e.m.c.i.e.AbstractTransferListenerAdapter - Downloaded https://repo.maven.apache.org/maven2/org/apache/commons/commons-parent/25/commons-parent-25.pom
2020-02-05 15:59:58,210 [Worker-39] INFO  o.e.m.c.i.e.AbstractTransferListenerAdapter - Downloading https://repo.maven.apache.org/maven2/org/codehaus/plexus/plexus-compiler-api/2.7/plexus-compiler-api-2.7.pom
2020-02-05 15:59:58,219 [Worker-39] INFO  o.e.m.c.i.e.AbstractTransferListenerAdapter - Downloaded https://repo.maven.apache.org/maven2/org/codehaus/plexus/plexus-compiler-api/2.7/plexus-compiler-api-2.7.pom
2020-02-05 15:59:58,231 [Worker-39] INFO  o.e.m.c.i.e.AbstractTransferListenerAdapter - Downloading https://repo.maven.apache.org/maven2/org/codehaus/plexus/plexus-compiler/2.7/plexus-compiler-2.7.pom
2020-02-05 15:59:58,240 [Worker-39] INFO  o.e.m.c.i.e.AbstractTransferListenerAdapter - Downloaded https://repo.maven.apache.org/maven2/org/codehaus/plexus/plexus-compiler/2.7/plexus-compiler-2.7.pom
2020-02-05 15:59:58,251 [Worker-39] INFO  o.e.m.c.i.e.AbstractTransferListenerAdapter - Downloading https://repo.maven.apache.org/maven2/org/codehaus/plexus/plexus-components/4.0/plexus-components-4.0.pom
2020-02-05 15:59:58,261 [Worker-39] INFO  o.e.m.c.i.e.AbstractTransferListenerAdapter - Downloaded https://repo.maven.apache.org/maven2/org/codehaus/plexus/plexus-components/4.0/plexus-components-4.0.pom
2020-02-05 15:59:58,271 [Worker-39] INFO  o.e.m.c.i.e.AbstractTransferListenerAdapter - Downloading https://repo.maven.apache.org/maven2/org/codehaus/plexus/plexus/4.0/plexus-4.0.pom
2020-02-05 15:59:58,294 [Worker-39] INFO  o.e.m.c.i.e.AbstractTransferListenerAdapter - Downloaded https://repo.maven.apache.org/maven2/org/codehaus/plexus/plexus/4.0/plexus-4.0.pom
2020-02-05 15:59:58,309 [Worker-39] INFO  o.e.m.c.i.e.AbstractTransferListenerAdapter - Downloading https://repo.maven.apache.org/maven2/org/codehaus/plexus/plexus-utils/3.0.22/plexus-utils-3.0.22.pom
2020-02-05 15:59:58,318 [Worker-39] INFO  o.e.m.c.i.e.AbstractTransferListenerAdapter - Downloaded https://repo.maven.apache.org/maven2/org/codehaus/plexus/plexus-utils/3.0.22/plexus-utils-3.0.22.pom
2020-02-05 15:59:58,338 [Worker-39] INFO  o.e.m.c.i.e.AbstractTransferListenerAdapter - Downloading https://repo.maven.apache.org/maven2/org/codehaus/plexus/plexus-compiler-manager/2.7/plexus-compiler-manager-2.7.pom
2020-02-05 15:59:58,347 [Worker-39] INFO  o.e.m.c.i.e.AbstractTransferListenerAdapter - Downloaded https://repo.maven.apache.org/maven2/org/codehaus/plexus/plexus-compiler-manager/2.7/plexus-compiler-manager-2.7.pom
2020-02-05 15:59:58,361 [Worker-39] INFO  o.e.m.c.i.e.AbstractTransferListenerAdapter - Downloading https://repo.maven.apache.org/maven2/org/codehaus/plexus/plexus-compiler-javac/2.7/plexus-compiler-javac-2.7.pom
2020-02-05 15:59:58,368 [Worker-39] INFO  o.e.m.c.i.e.AbstractTransferListenerAdapter - Downloaded https://repo.maven.apache.org/maven2/org/codehaus/plexus/plexus-compiler-javac/2.7/plexus-compiler-javac-2.7.pom
2020-02-05 15:59:58,379 [Worker-39] INFO  o.e.m.c.i.e.AbstractTransferListenerAdapter - Downloading https://repo.maven.apache.org/maven2/org/codehaus/plexus/plexus-compilers/2.7/plexus-compilers-2.7.pom
2020-02-05 15:59:58,388 [Worker-39] INFO  o.e.m.c.i.e.AbstractTransferListenerAdapter - Downloaded https://repo.maven.apache.org/maven2/org/codehaus/plexus/plexus-compilers/2.7/plexus-compilers-2.7.pom
2020-02-05 15:59:58,449 [Worker-39] INFO  o.e.m.c.i.e.AbstractTransferListenerAdapter - Downloading https://repo.maven.apache.org/maven2/org/apache/maven/maven-plugin-api/3.0/maven-plugin-api-3.0.jar
2020-02-05 15:59:58,468 [Worker-39] INFO  o.e.m.c.i.e.AbstractTransferListenerAdapter - Downloaded https://repo.maven.apache.org/maven2/org/apache/maven/maven-plugin-api/3.0/maven-plugin-api-3.0.jar
2020-02-05 15:59:58,476 [Worker-39] INFO  o.e.m.c.i.e.AbstractTransferListenerAdapter - Downloading https://repo.maven.apache.org/maven2/org/apache/maven/maven-model/3.0/maven-model-3.0.jar
2020-02-05 15:59:58,516 [Worker-39] INFO  o.e.m.c.i.e.AbstractTransferListenerAdapter - Downloaded https://repo.maven.apache.org/maven2/org/apache/maven/maven-model/3.0/maven-model-3.0.jar
2020-02-05 15:59:58,526 [Worker-39] INFO  o.e.m.c.i.e.AbstractTransferListenerAdapter - Downloading https://repo.maven.apache.org/maven2/org/sonatype/sisu/sisu-inject-plexus/1.4.2/sisu-inject-plexus-1.4.2.jar
2020-02-05 15:59:58,569 [Worker-39] INFO  o.e.m.c.i.e.AbstractTransferListenerAdapter - Downloaded https://repo.maven.apache.org/maven2/org/sonatype/sisu/sisu-inject-plexus/1.4.2/sisu-inject-plexus-1.4.2.jar
2020-02-05 15:59:58,577 [Worker-39] INFO  o.e.m.c.i.e.AbstractTransferListenerAdapter - Downloading https://repo.maven.apache.org/maven2/org/sonatype/sisu/sisu-inject-bean/1.4.2/sisu-inject-bean-1.4.2.jar
2020-02-05 15:59:58,605 [Worker-39] INFO  o.e.m.c.i.e.AbstractTransferListenerAdapter - Downloaded https://repo.maven.apache.org/maven2/org/sonatype/sisu/sisu-inject-bean/1.4.2/sisu-inject-bean-1.4.2.jar
2020-02-05 15:59:58,613 [Worker-39] INFO  o.e.m.c.i.e.AbstractTransferListenerAdapter - Downloading https://repo.maven.apache.org/maven2/org/sonatype/sisu/sisu-guice/2.1.7/sisu-guice-2.1.7-noaop.jar
2020-02-05 15:59:58,684 [Worker-39] INFO  o.e.m.c.i.e.AbstractTransferListenerAdapter - Downloaded https://repo.maven.apache.org/maven2/org/sonatype/sisu/sisu-guice/2.1.7/sisu-guice-2.1.7-noaop.jar
2020-02-05 15:59:58,691 [Worker-39] INFO  o.e.m.c.i.e.AbstractTransferListenerAdapter - Downloading https://repo.maven.apache.org/maven2/org/apache/maven/maven-artifact/3.0/maven-artifact-3.0.jar
2020-02-05 15:59:58,715 [Worker-39] INFO  o.e.m.c.i.e.AbstractTransferListenerAdapter - Downloaded https://repo.maven.apache.org/maven2/org/apache/maven/maven-artifact/3.0/maven-artifact-3.0.jar
2020-02-05 15:59:58,722 [Worker-39] INFO  o.e.m.c.i.e.AbstractTransferListenerAdapter - Downloading https://repo.maven.apache.org/maven2/org/codehaus/plexus/plexus-utils/2.0.4/plexus-utils-2.0.4.jar
2020-02-05 15:59:58,775 [Worker-39] INFO  o.e.m.c.i.e.AbstractTransferListenerAdapter - Downloaded https://repo.maven.apache.org/maven2/org/codehaus/plexus/plexus-utils/2.0.4/plexus-utils-2.0.4.jar
2020-02-05 15:59:58,782 [Worker-39] INFO  o.e.m.c.i.e.AbstractTransferListenerAdapter - Downloading https://repo.maven.apache.org/maven2/org/apache/maven/maven-core/3.0/maven-core-3.0.jar
2020-02-05 15:59:58,879 [Worker-39] INFO  o.e.m.c.i.e.AbstractTransferListenerAdapter - Downloaded https://repo.maven.apache.org/maven2/org/apache/maven/maven-core/3.0/maven-core-3.0.jar
2020-02-05 15:59:58,885 [Worker-39] INFO  o.e.m.c.i.e.AbstractTransferListenerAdapter - Downloading https://repo.maven.apache.org/maven2/org/apache/maven/maven-settings/3.0/maven-settings-3.0.jar
2020-02-05 15:59:58,904 [Worker-39] INFO  o.e.m.c.i.e.AbstractTransferListenerAdapter - Downloaded https://repo.maven.apache.org/maven2/org/apache/maven/maven-settings/3.0/maven-settings-3.0.jar
2020-02-05 15:59:58,911 [Worker-39] INFO  o.e.m.c.i.e.AbstractTransferListenerAdapter - Downloading https://repo.maven.apache.org/maven2/org/apache/maven/maven-settings-builder/3.0/maven-settings-builder-3.0.jar
2020-02-05 15:59:58,927 [Worker-39] INFO  o.e.m.c.i.e.AbstractTransferListenerAdapter - Downloaded https://repo.maven.apache.org/maven2/org/apache/maven/maven-settings-builder/3.0/maven-settings-builder-3.0.jar
2020-02-05 15:59:58,933 [Worker-39] INFO  o.e.m.c.i.e.AbstractTransferListenerAdapter - Downloading https://repo.maven.apache.org/maven2/org/apache/maven/maven-repository-metadata/3.0/maven-repository-metadata-3.0.jar
2020-02-05 15:59:58,948 [Worker-39] INFO  o.e.m.c.i.e.AbstractTransferListenerAdapter - Downloaded https://repo.maven.apache.org/maven2/org/apache/maven/maven-repository-metadata/3.0/maven-repository-metadata-3.0.jar
2020-02-05 15:59:58,957 [Worker-39] INFO  o.e.m.c.i.e.AbstractTransferListenerAdapter - Downloading https://repo.maven.apache.org/maven2/org/apache/maven/maven-model-builder/3.0/maven-model-builder-3.0.jar
2020-02-05 15:59:59,012 [Worker-39] INFO  o.e.m.c.i.e.AbstractTransferListenerAdapter - Downloaded https://repo.maven.apache.org/maven2/org/apache/maven/maven-model-builder/3.0/maven-model-builder-3.0.jar
2020-02-05 15:59:59,023 [Worker-39] INFO  o.e.m.c.i.e.AbstractTransferListenerAdapter - Downloading https://repo.maven.apache.org/maven2/org/apache/maven/maven-aether-provider/3.0/maven-aether-provider-3.0.jar
2020-02-05 15:59:59,055 [Worker-39] INFO  o.e.m.c.i.e.AbstractTransferListenerAdapter - Downloaded https://repo.maven.apache.org/maven2/org/apache/maven/maven-aether-provider/3.0/maven-aether-provider-3.0.jar
2020-02-05 15:59:59,063 [Worker-39] INFO  o.e.m.c.i.e.AbstractTransferListenerAdapter - Downloading https://repo.maven.apache.org/maven2/org/sonatype/aether/aether-impl/1.7/aether-impl-1.7.jar
2020-02-05 15:59:59,092 [Worker-39] INFO  o.e.m.c.i.e.AbstractTransferListenerAdapter - Downloaded https://repo.maven.apache.org/maven2/org/sonatype/aether/aether-impl/1.7/aether-impl-1.7.jar
2020-02-05 15:59:59,100 [Worker-39] INFO  o.e.m.c.i.e.AbstractTransferListenerAdapter - Downloading https://repo.maven.apache.org/maven2/org/sonatype/aether/aether-spi/1.7/aether-spi-1.7.jar
2020-02-05 15:59:59,112 [Worker-39] INFO  o.e.m.c.i.e.AbstractTransferListenerAdapter - Downloaded https://repo.maven.apache.org/maven2/org/sonatype/aether/aether-spi/1.7/aether-spi-1.7.jar
2020-02-05 15:59:59,120 [Worker-39] INFO  o.e.m.c.i.e.AbstractTransferListenerAdapter - Downloading https://repo.maven.apache.org/maven2/org/sonatype/aether/aether-api/1.7/aether-api-1.7.jar
2020-02-05 15:59:59,137 [Worker-39] INFO  o.e.m.c.i.e.AbstractTransferListenerAdapter - Downloaded https://repo.maven.apache.org/maven2/org/sonatype/aether/aether-api/1.7/aether-api-1.7.jar
2020-02-05 15:59:59,143 [Worker-39] INFO  o.e.m.c.i.e.AbstractTransferListenerAdapter - Downloading https://repo.maven.apache.org/maven2/org/sonatype/aether/aether-util/1.7/aether-util-1.7.jar
2020-02-05 15:59:59,173 [Worker-39] INFO  o.e.m.c.i.e.AbstractTransferListenerAdapter - Downloaded https://repo.maven.apache.org/maven2/org/sonatype/aether/aether-util/1.7/aether-util-1.7.jar
2020-02-05 15:59:59,181 [Worker-39] INFO  o.e.m.c.i.e.AbstractTransferListenerAdapter - Downloading https://repo.maven.apache.org/maven2/org/codehaus/plexus/plexus-interpolation/1.14/plexus-interpolation-1.14.jar
2020-02-05 15:59:59,215 [Worker-39] INFO  o.e.m.c.i.e.AbstractTransferListenerAdapter - Downloaded https://repo.maven.apache.org/maven2/org/codehaus/plexus/plexus-interpolation/1.14/plexus-interpolation-1.14.jar
2020-02-05 15:59:59,223 [Worker-39] INFO  o.e.m.c.i.e.AbstractTransferListenerAdapter - Downloading https://repo.maven.apache.org/maven2/org/codehaus/plexus/plexus-classworlds/2.2.3/plexus-classworlds-2.2.3.jar
2020-02-05 15:59:59,254 [Worker-39] INFO  o.e.m.c.i.e.AbstractTransferListenerAdapter - Downloaded https://repo.maven.apache.org/maven2/org/codehaus/plexus/plexus-classworlds/2.2.3/plexus-classworlds-2.2.3.jar
2020-02-05 15:59:59,262 [Worker-39] INFO  o.e.m.c.i.e.AbstractTransferListenerAdapter - Downloading https://repo.maven.apache.org/maven2/org/apache/maven/shared/maven-shared-utils/3.0.0/maven-shared-utils-3.0.0.jar
2020-02-05 15:59:59,299 [Worker-39] INFO  o.e.m.c.i.e.AbstractTransferListenerAdapter - Downloaded https://repo.maven.apache.org/maven2/org/apache/maven/shared/maven-shared-utils/3.0.0/maven-shared-utils-3.0.0.jar
2020-02-05 15:59:59,305 [Worker-39] INFO  o.e.m.c.i.e.AbstractTransferListenerAdapter - Downloading https://repo.maven.apache.org/maven2/commons-io/commons-io/2.4/commons-io-2.4.jar
2020-02-05 15:59:59,338 [Worker-39] INFO  o.e.m.c.i.e.AbstractTransferListenerAdapter - Downloaded https://repo.maven.apache.org/maven2/commons-io/commons-io/2.4/commons-io-2.4.jar
2020-02-05 15:59:59,344 [Worker-39] INFO  o.e.m.c.i.e.AbstractTransferListenerAdapter - Downloading https://repo.maven.apache.org/maven2/org/codehaus/plexus/plexus-compiler-api/2.7/plexus-compiler-api-2.7.jar
2020-02-05 15:59:59,357 [Worker-39] INFO  o.e.m.c.i.e.AbstractTransferListenerAdapter - Downloaded https://repo.maven.apache.org/maven2/org/codehaus/plexus/plexus-compiler-api/2.7/plexus-compiler-api-2.7.jar
2020-02-05 15:59:59,365 [Worker-39] INFO  o.e.m.c.i.e.AbstractTransferListenerAdapter - Downloading https://repo.maven.apache.org/maven2/org/codehaus/plexus/plexus-compiler-manager/2.7/plexus-compiler-manager-2.7.jar
2020-02-05 15:59:59,375 [Worker-39] INFO  o.e.m.c.i.e.AbstractTransferListenerAdapter - Downloaded https://repo.maven.apache.org/maven2/org/codehaus/plexus/plexus-compiler-manager/2.7/plexus-compiler-manager-2.7.jar
2020-02-05 15:59:59,381 [Worker-39] INFO  o.e.m.c.i.e.AbstractTransferListenerAdapter - Downloading https://repo.maven.apache.org/maven2/org/codehaus/plexus/plexus-compiler-javac/2.7/plexus-compiler-javac-2.7.jar
2020-02-05 15:59:59,392 [Worker-39] INFO  o.e.m.c.i.e.AbstractTransferListenerAdapter - Downloaded https://repo.maven.apache.org/maven2/org/codehaus/plexus/plexus-compiler-javac/2.7/plexus-compiler-javac-2.7.jar
2020-02-05 15:59:59,982 [Worker-39] INFO  o.e.m.c.i.l.LifecycleMappingFactory - Using org.maven.ide.eclipse.wtp.WarLifecycleMapping lifecycle mapping for MavenProject: formation.cgi:webmaventest1:1.0-SNAPSHOT @ C:\Users\utilisateur\Desktop\JavaProjects\workspaceJSP\webmaventest1\pom.xml.
2020-02-05 15:59:59,993 [Worker-39] INFO  o.e.m.c.i.e.AbstractTransferListenerAdapter - Downloading https://repo.maven.apache.org/maven2/jstl/jstl/1.2/jstl-1.2.pom
2020-02-05 16:00:00,005 [Worker-39] INFO  o.e.m.c.i.e.AbstractTransferListenerAdapter - Downloaded https://repo.maven.apache.org/maven2/jstl/jstl/1.2/jstl-1.2.pom
2020-02-05 16:00:00,019 [Worker-39] INFO  o.e.m.c.i.e.AbstractTransferListenerAdapter - Downloading https://repo.maven.apache.org/maven2/javax/servlet/jsp/jsp-api/2.2/jsp-api-2.2.pom
2020-02-05 16:00:00,039 [Worker-39] INFO  o.e.m.c.i.e.AbstractTransferListenerAdapter - Downloaded https://repo.maven.apache.org/maven2/javax/servlet/jsp/jsp-api/2.2/jsp-api-2.2.pom
2020-02-05 16:00:00,059 [Worker-39] INFO  o.e.m.c.i.e.AbstractTransferListenerAdapter - Downloading https://repo.maven.apache.org/maven2/org/glassfish/web/jsp/2.2/jsp-2.2.pom
2020-02-05 16:00:00,069 [Worker-39] INFO  o.e.m.c.i.e.AbstractTransferListenerAdapter - Downloaded https://repo.maven.apache.org/maven2/org/glassfish/web/jsp/2.2/jsp-2.2.pom
2020-02-05 16:00:00,081 [Worker-39] INFO  o.e.m.c.i.e.AbstractTransferListenerAdapter - Downloading https://repo.maven.apache.org/maven2/javax/servlet/javax.servlet-api/3.1.0/javax.servlet-api-3.1.0.pom
2020-02-05 16:00:00,097 [Worker-39] INFO  o.e.m.c.i.e.AbstractTransferListenerAdapter - Downloaded https://repo.maven.apache.org/maven2/javax/servlet/javax.servlet-api/3.1.0/javax.servlet-api-3.1.0.pom
2020-02-05 16:00:00,110 [Worker-39] INFO  o.e.m.c.i.e.AbstractTransferListenerAdapter - Downloading https://repo.maven.apache.org/maven2/net/java/jvnet-parent/3/jvnet-parent-3.pom
2020-02-05 16:00:00,123 [Worker-39] INFO  o.e.m.c.i.e.AbstractTransferListenerAdapter - Downloaded https://repo.maven.apache.org/maven2/net/java/jvnet-parent/3/jvnet-parent-3.pom
2020-02-05 16:00:00,141 [Worker-39] INFO  o.e.m.c.i.e.AbstractTransferListenerAdapter - Downloading https://repo.maven.apache.org/maven2/jstl/jstl/1.2/jstl-1.2.jar
2020-02-05 16:00:00,206 [Worker-39] INFO  o.e.m.c.i.e.AbstractTransferListenerAdapter - Downloaded https://repo.maven.apache.org/maven2/jstl/jstl/1.2/jstl-1.2.jar
2020-02-05 16:00:00,216 [Worker-39] INFO  o.e.m.c.i.e.AbstractTransferListenerAdapter - Downloading https://repo.maven.apache.org/maven2/javax/servlet/jsp/jsp-api/2.2/jsp-api-2.2.jar
2020-02-05 16:00:00,242 [Worker-39] INFO  o.e.m.c.i.e.AbstractTransferListenerAdapter - Downloaded https://repo.maven.apache.org/maven2/javax/servlet/jsp/jsp-api/2.2/jsp-api-2.2.jar
2020-02-05 16:00:00,249 [Worker-39] INFO  o.e.m.c.i.e.AbstractTransferListenerAdapter - Downloading https://repo.maven.apache.org/maven2/javax/servlet/javax.servlet-api/3.1.0/javax.servlet-api-3.1.0.jar
2020-02-05 16:00:00,271 [Worker-39] INFO  o.e.m.c.i.e.AbstractTransferListenerAdapter - Downloaded https://repo.maven.apache.org/maven2/javax/servlet/javax.servlet-api/3.1.0/javax.servlet-api-3.1.0.jar
2020-02-05 16:00:00,420 [Worker-39] INFO  o.e.m.c.i.e.AbstractTransferListenerAdapter - Downloading https://repo.maven.apache.org/maven2/org/apache/maven/plugins/maven-war-plugin/2.2/maven-war-plugin-2.2.pom
2020-02-05 16:00:00,445 [Worker-39] INFO  o.e.m.c.i.e.AbstractTransferListenerAdapter - Downloaded https://repo.maven.apache.org/maven2/org/apache/maven/plugins/maven-war-plugin/2.2/maven-war-plugin-2.2.pom
2020-02-05 16:00:00,631 [Worker-39] INFO  o.e.m.c.i.e.AbstractTransferListenerAdapter - Downloading https://repo.maven.apache.org/maven2/com/thoughtworks/xstream/xstream/1.3.1/xstream-1.3.1.pom
2020-02-05 16:00:00,642 [Worker-39] INFO  o.e.m.c.i.e.AbstractTransferListenerAdapter - Downloaded https://repo.maven.apache.org/maven2/com/thoughtworks/xstream/xstream/1.3.1/xstream-1.3.1.pom
2020-02-05 16:00:00,656 [Worker-39] INFO  o.e.m.c.i.e.AbstractTransferListenerAdapter - Downloading https://repo.maven.apache.org/maven2/com/thoughtworks/xstream/xstream-parent/1.3.1/xstream-parent-1.3.1.pom
2020-02-05 16:00:00,669 [Worker-39] INFO  o.e.m.c.i.e.AbstractTransferListenerAdapter - Downloaded https://repo.maven.apache.org/maven2/com/thoughtworks/xstream/xstream-parent/1.3.1/xstream-parent-1.3.1.pom
2020-02-05 16:00:00,683 [Worker-39] INFO  o.e.m.c.i.e.AbstractTransferListenerAdapter - Downloading https://repo.maven.apache.org/maven2/xpp3/xpp3_min/1.1.4c/xpp3_min-1.1.4c.pom
2020-02-05 16:00:00,693 [Worker-39] INFO  o.e.m.c.i.e.AbstractTransferListenerAdapter - Downloaded https://repo.maven.apache.org/maven2/xpp3/xpp3_min/1.1.4c/xpp3_min-1.1.4c.pom
2020-02-05 16:00:00,706 [Worker-39] INFO  o.e.m.c.i.e.AbstractTransferListenerAdapter - Downloading https://repo.maven.apache.org/maven2/org/apache/maven/shared/maven-filtering/1.0-beta-2/maven-filtering-1.0-beta-2.pom
2020-02-05 16:00:00,716 [Worker-39] INFO  o.e.m.c.i.e.AbstractTransferListenerAdapter - Downloaded https://repo.maven.apache.org/maven2/org/apache/maven/shared/maven-filtering/1.0-beta-2/maven-filtering-1.0-beta-2.pom
2020-02-05 16:00:00,729 [Worker-39] INFO  o.e.m.c.i.e.AbstractTransferListenerAdapter - Downloading https://repo.maven.apache.org/maven2/org/apache/maven/shared/maven-shared-components/10/maven-shared-components-10.pom
2020-02-05 16:00:00,739 [Worker-39] INFO  o.e.m.c.i.e.AbstractTransferListenerAdapter - Downloaded https://repo.maven.apache.org/maven2/org/apache/maven/shared/maven-shared-components/10/maven-shared-components-10.pom
2020-02-05 16:00:00,750 [Worker-39] INFO  o.e.m.c.i.e.AbstractTransferListenerAdapter - Downloading https://repo.maven.apache.org/maven2/org/apache/maven/maven-parent/9/maven-parent-9.pom
2020-02-05 16:00:00,763 [Worker-39] INFO  o.e.m.c.i.e.AbstractTransferListenerAdapter - Downloaded https://repo.maven.apache.org/maven2/org/apache/maven/maven-parent/9/maven-parent-9.pom
2020-02-05 16:00:00,776 [Worker-39] INFO  o.e.m.c.i.e.AbstractTransferListenerAdapter - Downloading https://repo.maven.apache.org/maven2/org/codehaus/plexus/plexus-utils/1.5.6/plexus-utils-1.5.6.pom
2020-02-05 16:00:00,789 [Worker-39] INFO  o.e.m.c.i.e.AbstractTransferListenerAdapter - Downloaded https://repo.maven.apache.org/maven2/org/codehaus/plexus/plexus-utils/1.5.6/plexus-utils-1.5.6.pom
2020-02-05 16:00:00,800 [Worker-39] INFO  o.e.m.c.i.e.AbstractTransferListenerAdapter - Downloading https://repo.maven.apache.org/maven2/org/codehaus/plexus/plexus/1.0.12/plexus-1.0.12.pom
2020-02-05 16:00:00,811 [Worker-39] INFO  o.e.m.c.i.e.AbstractTransferListenerAdapter - Downloaded https://repo.maven.apache.org/maven2/org/codehaus/plexus/plexus/1.0.12/plexus-1.0.12.pom
2020-02-05 16:00:00,826 [Worker-39] INFO  o.e.m.c.i.e.AbstractTransferListenerAdapter - Downloading https://repo.maven.apache.org/maven2/org/codehaus/plexus/plexus-interpolation/1.6/plexus-interpolation-1.6.pom
2020-02-05 16:00:00,838 [Worker-39] INFO  o.e.m.c.i.e.AbstractTransferListenerAdapter - Downloaded https://repo.maven.apache.org/maven2/org/codehaus/plexus/plexus-interpolation/1.6/plexus-interpolation-1.6.pom
2020-02-05 16:00:00,895 [Worker-39] INFO  o.e.m.c.i.e.AbstractTransferListenerAdapter - Downloading https://repo.maven.apache.org/maven2/com/thoughtworks/xstream/xstream/1.3.1/xstream-1.3.1.jar
2020-02-05 16:00:00,965 [Worker-39] INFO  o.e.m.c.i.e.AbstractTransferListenerAdapter - Downloaded https://repo.maven.apache.org/maven2/com/thoughtworks/xstream/xstream/1.3.1/xstream-1.3.1.jar
2020-02-05 16:00:00,974 [Worker-39] INFO  o.e.m.c.i.e.AbstractTransferListenerAdapter - Downloading https://repo.maven.apache.org/maven2/xpp3/xpp3_min/1.1.4c/xpp3_min-1.1.4c.jar
2020-02-05 16:00:00,989 [Worker-39] INFO  o.e.m.c.i.e.AbstractTransferListenerAdapter - Downloaded https://repo.maven.apache.org/maven2/xpp3/xpp3_min/1.1.4c/xpp3_min-1.1.4c.jar
2020-02-05 16:00:00,998 [Worker-39] INFO  o.e.m.c.i.e.AbstractTransferListenerAdapter - Downloading https://repo.maven.apache.org/maven2/org/apache/maven/shared/maven-filtering/1.0-beta-2/maven-filtering-1.0-beta-2.jar
2020-02-05 16:00:01,017 [Worker-39] INFO  o.e.m.c.i.e.AbstractTransferListenerAdapter - Downloaded https://repo.maven.apache.org/maven2/org/apache/maven/shared/maven-filtering/1.0-beta-2/maven-filtering-1.0-beta-2.jar
2020-02-05 16:00:01,559 [Worker-39] INFO  o.e.m.j.i.AbstractJavaProjectConfigurator - Adding source folder /webmaventest1/src/main/java
2020-02-05 16:00:01,559 [Worker-39] INFO  o.e.m.j.i.AbstractJavaProjectConfigurator - Adding resource folder /webmaventest1/src/main/resources
2020-02-05 16:00:01,560 [Worker-39] INFO  o.e.m.j.i.AbstractJavaProjectConfigurator - Adding source folder /webmaventest1/src/test/java
2020-02-05 16:00:01,560 [Worker-39] INFO  o.e.m.j.i.AbstractJavaProjectConfigurator - Adding resource folder /webmaventest1/src/test/resources
2020-02-05 16:00:01,804 [Worker-39] INFO  o.e.m.c.i.e.AbstractTransferListenerAdapter - Downloading https://repo.maven.apache.org/maven2/org/apache/maven/plugins/maven-clean-plugin/2.5/maven-clean-plugin-2.5.pom
2020-02-05 16:00:01,815 [Worker-39] INFO  o.e.m.c.i.e.AbstractTransferListenerAdapter - Downloaded https://repo.maven.apache.org/maven2/org/apache/maven/plugins/maven-clean-plugin/2.5/maven-clean-plugin-2.5.pom
2020-02-05 16:00:01,866 [Worker-39] INFO  o.e.m.c.i.p.ProjectConfigurationManager - Imported and configured 1 project(s) in 5 sec
2020-02-05 16:00:02,136 [Worker-34] WARN  o.e.m.c.i.embedder.EclipseLogger - Using platform encoding (Cp1252 actually) to copy filtered resources, i.e. build is platform dependent!
2020-02-05 16:00:02,141 [Worker-34] INFO  o.e.m.c.i.embedder.EclipseLogger - Copying 0 resource
2020-02-05 16:00:02,143 [Worker-34] WARN  o.e.m.c.i.embedder.EclipseLogger - Using platform encoding (Cp1252 actually) to copy filtered resources, i.e. build is platform dependent!
2020-02-05 16:00:02,144 [Worker-34] INFO  o.e.m.c.i.embedder.EclipseLogger - Copying 0 resource
2020-02-05 16:00:03,249 [Worker-40] WARN  o.e.m.c.i.embedder.EclipseLogger - Using platform encoding (Cp1252 actually) to copy filtered resources, i.e. build is platform dependent!
2020-02-05 16:00:03,252 [Worker-40] INFO  o.e.m.c.i.embedder.EclipseLogger - Copying 0 resource
2020-02-05 16:00:03,253 [Worker-40] WARN  o.e.m.c.i.embedder.EclipseLogger - Using platform encoding (Cp1252 actually) to copy filtered resources, i.e. build is platform dependent!
2020-02-05 16:00:03,254 [Worker-40] INFO  o.e.m.c.i.embedder.EclipseLogger - Copying 0 resource
2020-02-05 16:06:01,985 [Worker-32] WARN  o.e.m.c.i.embedder.EclipseLogger - Using platform encoding (Cp1252 actually) to copy filtered resources, i.e. build is platform dependent!
2020-02-05 16:06:01,986 [Worker-32] INFO  o.e.m.c.i.embedder.EclipseLogger - Copying 0 resource
2020-02-05 16:06:01,987 [Worker-32] WARN  o.e.m.c.i.embedder.EclipseLogger - Using platform encoding (Cp1252 actually) to copy filtered resources, i.e. build is platform dependent!
2020-02-05 16:06:01,988 [Worker-32] INFO  o.e.m.c.i.embedder.EclipseLogger - Copying 0 resource
2020-02-05 16:07:02,496 [Worker-40] WARN  o.e.m.c.i.embedder.EclipseLogger - Using platform encoding (Cp1252 actually) to copy filtered resources, i.e. build is platform dependent!
2020-02-05 16:07:02,496 [Worker-40] INFO  o.e.m.c.i.embedder.EclipseLogger - Copying 0 resource
2020-02-05 16:07:02,497 [Worker-40] WARN  o.e.m.c.i.embedder.EclipseLogger - Using platform encoding (Cp1252 actually) to copy filtered resources, i.e. build is platform dependent!
2020-02-05 16:07:02,498 [Worker-40] INFO  o.e.m.c.i.embedder.EclipseLogger - Copying 0 resource
2020-02-06 10:40:17,369 [Worker-76] WARN  o.e.r.models.ModelRepository - Failed to download org.eclipse.recommenders:index::zip:0.0.0
org.eclipse.aether.resolution.ArtifactResolutionException: Could not find artifact org.eclipse.recommenders:index:zip:0.0.0-SNAPSHOT in models (http://download.eclipse.org/recommenders/models/mars/)
	at org.eclipse.aether.internal.impl.DefaultArtifactResolver.resolve(DefaultArtifactResolver.java:444) ~[na:na]
	at org.eclipse.aether.internal.impl.DefaultArtifactResolver.resolveArtifacts(DefaultArtifactResolver.java:246) ~[na:na]
	at org.eclipse.aether.internal.impl.DefaultArtifactResolver.resolveArtifact(DefaultArtifactResolver.java:223) ~[na:na]
	at org.eclipse.aether.internal.impl.DefaultRepositorySystem.resolveArtifact(DefaultRepositorySystem.java:294) ~[na:na]
	at org.eclipse.recommenders.models.ModelRepository.resolveInternal(ModelRepository.java:192) [org.eclipse.recommenders.models_2.2.4.v20150914-0857.jar:na]
	at org.eclipse.recommenders.models.ModelRepository.resolve(ModelRepository.java:174) [org.eclipse.recommenders.models_2.2.4.v20150914-0857.jar:na]
	at org.eclipse.recommenders.internal.models.rcp.EclipseModelRepository.resolve(EclipseModelRepository.java:167) [org.eclipse.recommenders.models.rcp_2.2.4.v20150914-0857.jar:na]
	at org.eclipse.recommenders.internal.models.rcp.DownloadModelArchiveJob.run(DownloadModelArchiveJob.java:76) [org.eclipse.recommenders.models.rcp_2.2.4.v20150914-0857.jar:na]
	at org.eclipse.core.internal.jobs.Worker.run(Worker.java:55) [org.eclipse.core.jobs_3.7.0.v20150330-2103.jar:na]
Caused by: org.eclipse.aether.transfer.ArtifactNotFoundException: Could not find artifact org.eclipse.recommenders:index:zip:0.0.0-SNAPSHOT in models (http://download.eclipse.org/recommenders/models/mars/)
	at org.eclipse.aether.connector.basic.ArtifactTransportListener.transferFailed(ArtifactTransportListener.java:39) ~[org.eclipse.aether.connector.basic_1.0.1.v20141111.jar:na]
	at org.eclipse.aether.connector.basic.BasicRepositoryConnector$TaskRunner.run(BasicRepositoryConnector.java:355) ~[org.eclipse.aether.connector.basic_1.0.1.v20141111.jar:na]
	at org.eclipse.aether.util.concurrency.RunnableErrorForwarder$1.run(RunnableErrorForwarder.java:67) ~[na:na]
	at org.eclipse.aether.connector.basic.BasicRepositoryConnector$DirectExecutor.execute(BasicRepositoryConnector.java:581) ~[org.eclipse.aether.connector.basic_1.0.1.v20141111.jar:na]
	at org.eclipse.aether.connector.basic.BasicRepositoryConnector.get(BasicRepositoryConnector.java:249) ~[org.eclipse.aether.connector.basic_1.0.1.v20141111.jar:na]
	at org.eclipse.aether.internal.impl.DefaultArtifactResolver.performDownloads(DefaultArtifactResolver.java:520) ~[na:na]
	at org.eclipse.aether.internal.impl.DefaultArtifactResolver.resolve(DefaultArtifactResolver.java:421) ~[na:na]
	... 8 common frames omitted
2020-02-06 12:47:56,827 [Worker-133] INFO  o.e.m.w.i.f.ResourceFilteringBuildParticipant - Cleaning filtered folder for webmaventest1
2020-02-06 12:47:57,064 [Worker-166] WARN  o.e.m.c.i.embedder.EclipseLogger - Using platform encoding (Cp1252 actually) to copy filtered resources, i.e. build is platform dependent!
2020-02-06 12:47:57,065 [Worker-166] INFO  o.e.m.c.i.embedder.EclipseLogger - Copying 0 resource
2020-02-06 12:47:57,066 [Worker-166] WARN  o.e.m.c.i.embedder.EclipseLogger - Using platform encoding (Cp1252 actually) to copy filtered resources, i.e. build is platform dependent!
2020-02-06 12:47:57,067 [Worker-166] INFO  o.e.m.c.i.embedder.EclipseLogger - Copying 0 resource
2020-02-06 12:47:57,067 [Worker-166] INFO  o.e.m.w.i.f.ResourceFilteringBuildParticipant - Changed resources require a complete clean of filtered resources of webmaventest1
2020-02-06 12:47:57,068 [Worker-166] INFO  o.e.m.w.i.f.ResourceFilteringBuildParticipant - Executing resource filtering for webmaventest1
2020-02-06 12:47:57,080 [Worker-166] WARN  o.e.m.c.i.embedder.EclipseLogger - Using platform encoding (Cp1252 actually) to copy filtered resources, i.e. build is platform dependent!
2020-02-07 11:43:29,309 [ModalContext] INFO  o.e.m.c.i.e.AbstractTransferListenerAdapter - Downloading https://repo.maven.apache.org/maven2/org/apache/maven/archetypes/maven-archetype-quickstart/1.1/maven-archetype-quickstart-1.1.jar
2020-02-07 11:43:29,323 [ModalContext] INFO  o.e.m.c.i.e.AbstractTransferListenerAdapter - Downloaded https://repo.maven.apache.org/maven2/org/apache/maven/archetypes/maven-archetype-quickstart/1.1/maven-archetype-quickstart-1.1.jar
2020-02-07 11:43:29,336 [ModalContext] INFO  o.e.m.c.i.e.AbstractTransferListenerAdapter - Downloading https://repo.maven.apache.org/maven2/org/apache/maven/archetypes/maven-archetype-quickstart/1.1/maven-archetype-quickstart-1.1.pom
2020-02-07 11:43:29,346 [ModalContext] INFO  o.e.m.c.i.e.AbstractTransferListenerAdapter - Downloaded https://repo.maven.apache.org/maven2/org/apache/maven/archetypes/maven-archetype-quickstart/1.1/maven-archetype-quickstart-1.1.pom
2020-02-07 11:43:43,998 [Worker-324] INFO  o.e.m.c.i.l.LifecycleMappingFactory - Using org.maven.ide.eclipse.wtp.WarLifecycleMapping lifecycle mapping for MavenProject: formation.cgi:webmaventest1:1.0-SNAPSHOT @ C:\Users\utilisateur\Desktop\JavaProjects\workspaceJSP\Copy of webmaventest2\pom.xml.
2020-02-07 11:43:44,304 [Worker-324] WARN  o.e.m.c.i.embedder.EclipseLogger - Using platform encoding (Cp1252 actually) to copy filtered resources, i.e. build is platform dependent!
2020-02-07 11:43:44,305 [Worker-324] INFO  o.e.m.c.i.embedder.EclipseLogger - Copying 0 resource
2020-02-07 11:43:44,307 [Worker-324] WARN  o.e.m.c.i.embedder.EclipseLogger - Using platform encoding (Cp1252 actually) to copy filtered resources, i.e. build is platform dependent!
2020-02-07 11:43:44,307 [Worker-324] INFO  o.e.m.c.i.embedder.EclipseLogger - Copying 0 resource
2020-02-07 11:43:45,442 [Worker-310] WARN  o.e.m.c.i.embedder.EclipseLogger - Using platform encoding (Cp1252 actually) to copy filtered resources, i.e. build is platform dependent!
2020-02-07 11:43:45,443 [Worker-310] INFO  o.e.m.c.i.embedder.EclipseLogger - Copying 0 resource
2020-02-07 11:43:45,444 [Worker-310] WARN  o.e.m.c.i.embedder.EclipseLogger - Using platform encoding (Cp1252 actually) to copy filtered resources, i.e. build is platform dependent!
2020-02-07 11:43:45,444 [Worker-310] INFO  o.e.m.c.i.embedder.EclipseLogger - Copying 0 resource
2020-02-07 11:44:10,723 [Worker-327] INFO  o.e.m.c.i.l.LifecycleMappingFactory - Using org.maven.ide.eclipse.wtp.WarLifecycleMapping lifecycle mapping for MavenProject: formation.cgi:webmaventest1:1.0-SNAPSHOT @ C:\Users\utilisateur\Desktop\JavaProjects\workspaceJSP\projetJSTL\pom.xml.
2020-02-07 11:44:10,807 [Worker-327] WARN  o.e.m.c.i.embedder.EclipseLogger - Using platform encoding (Cp1252 actually) to copy filtered resources, i.e. build is platform dependent!
2020-02-07 11:44:10,808 [Worker-327] INFO  o.e.m.c.i.embedder.EclipseLogger - Copying 0 resource
2020-02-07 11:44:10,809 [Worker-327] WARN  o.e.m.c.i.embedder.EclipseLogger - Using platform encoding (Cp1252 actually) to copy filtered resources, i.e. build is platform dependent!
2020-02-07 11:44:10,809 [Worker-327] INFO  o.e.m.c.i.embedder.EclipseLogger - Copying 0 resource
2020-02-07 11:44:11,874 [Worker-325] WARN  o.e.m.c.i.embedder.EclipseLogger - Using platform encoding (Cp1252 actually) to copy filtered resources, i.e. build is platform dependent!
2020-02-07 11:44:11,874 [Worker-325] INFO  o.e.m.c.i.embedder.EclipseLogger - Copying 0 resource
2020-02-07 11:44:11,875 [Worker-325] WARN  o.e.m.c.i.embedder.EclipseLogger - Using platform encoding (Cp1252 actually) to copy filtered resources, i.e. build is platform dependent!
2020-02-07 11:44:11,876 [Worker-325] INFO  o.e.m.c.i.embedder.EclipseLogger - Copying 0 resource
2020-02-07 11:49:44,268 [Worker-321] WARN  o.e.m.c.i.embedder.EclipseLogger - Using platform encoding (Cp1252 actually) to copy filtered resources, i.e. build is platform dependent!
2020-02-07 11:49:44,269 [Worker-321] INFO  o.e.m.c.i.embedder.EclipseLogger - Copying 0 resource
2020-02-07 11:49:44,270 [Worker-321] WARN  o.e.m.c.i.embedder.EclipseLogger - Using platform encoding (Cp1252 actually) to copy filtered resources, i.e. build is platform dependent!
2020-02-07 11:49:44,271 [Worker-321] INFO  o.e.m.c.i.embedder.EclipseLogger - Copying 0 resource
2020-02-07 11:50:25,653 [Worker-323] WARN  o.e.m.c.i.embedder.EclipseLogger - Using platform encoding (Cp1252 actually) to copy filtered resources, i.e. build is platform dependent!
2020-02-07 11:50:25,655 [Worker-323] INFO  o.e.m.c.i.embedder.EclipseLogger - Copying 0 resource
2020-02-07 11:50:25,656 [Worker-323] WARN  o.e.m.c.i.embedder.EclipseLogger - Using platform encoding (Cp1252 actually) to copy filtered resources, i.e. build is platform dependent!
2020-02-07 11:50:25,657 [Worker-323] INFO  o.e.m.c.i.embedder.EclipseLogger - Copying 0 resource
2020-02-07 11:50:38,328 [Worker-310] WARN  o.e.m.c.i.embedder.EclipseLogger - Using platform encoding (Cp1252 actually) to copy filtered resources, i.e. build is platform dependent!
2020-02-07 11:50:38,329 [Worker-310] INFO  o.e.m.c.i.embedder.EclipseLogger - Copying 0 resource
2020-02-07 11:50:38,331 [Worker-310] WARN  o.e.m.c.i.embedder.EclipseLogger - Using platform encoding (Cp1252 actually) to copy filtered resources, i.e. build is platform dependent!
2020-02-07 11:50:38,332 [Worker-310] INFO  o.e.m.c.i.embedder.EclipseLogger - Copying 0 resource
2020-02-07 11:50:46,787 [Worker-310] WARN  o.e.m.c.i.embedder.EclipseLogger - Using platform encoding (Cp1252 actually) to copy filtered resources, i.e. build is platform dependent!
2020-02-07 11:50:46,788 [Worker-310] INFO  o.e.m.c.i.embedder.EclipseLogger - Copying 0 resource
2020-02-07 11:50:46,791 [Worker-310] WARN  o.e.m.c.i.embedder.EclipseLogger - Using platform encoding (Cp1252 actually) to copy filtered resources, i.e. build is platform dependent!
2020-02-07 11:50:46,792 [Worker-310] INFO  o.e.m.c.i.embedder.EclipseLogger - Copying 0 resource
2020-02-07 11:51:09,974 [Worker-323] WARN  o.e.m.c.i.embedder.EclipseLogger - Using platform encoding (Cp1252 actually) to copy filtered resources, i.e. build is platform dependent!
2020-02-07 11:51:09,978 [Worker-323] INFO  o.e.m.c.i.embedder.EclipseLogger - Copying 0 resource
2020-02-07 11:51:09,980 [Worker-323] WARN  o.e.m.c.i.embedder.EclipseLogger - Using platform encoding (Cp1252 actually) to copy filtered resources, i.e. build is platform dependent!
2020-02-07 11:51:09,981 [Worker-323] INFO  o.e.m.c.i.embedder.EclipseLogger - Copying 0 resource
2020-02-07 11:51:16,888 [Worker-328] WARN  o.e.m.c.i.embedder.EclipseLogger - Using platform encoding (Cp1252 actually) to copy filtered resources, i.e. build is platform dependent!
2020-02-07 11:51:16,889 [Worker-328] INFO  o.e.m.c.i.embedder.EclipseLogger - Copying 0 resource
2020-02-07 11:51:16,890 [Worker-328] WARN  o.e.m.c.i.embedder.EclipseLogger - Using platform encoding (Cp1252 actually) to copy filtered resources, i.e. build is platform dependent!
2020-02-07 11:51:16,891 [Worker-328] INFO  o.e.m.c.i.embedder.EclipseLogger - Copying 0 resource
2020-02-07 11:51:37,974 [Worker-313] WARN  o.e.m.c.i.embedder.EclipseLogger - Using platform encoding (Cp1252 actually) to copy filtered resources, i.e. build is platform dependent!
2020-02-07 11:51:37,976 [Worker-313] INFO  o.e.m.c.i.embedder.EclipseLogger - Copying 0 resource
2020-02-07 11:51:37,978 [Worker-313] WARN  o.e.m.c.i.embedder.EclipseLogger - Using platform encoding (Cp1252 actually) to copy filtered resources, i.e. build is platform dependent!
2020-02-07 11:51:37,979 [Worker-313] INFO  o.e.m.c.i.embedder.EclipseLogger - Copying 0 resource
2020-02-07 11:51:43,605 [Worker-313] WARN  o.e.m.c.i.embedder.EclipseLogger - Using platform encoding (Cp1252 actually) to copy filtered resources, i.e. build is platform dependent!
2020-02-07 11:51:43,606 [Worker-313] INFO  o.e.m.c.i.embedder.EclipseLogger - Copying 0 resource
2020-02-07 11:51:43,607 [Worker-313] WARN  o.e.m.c.i.embedder.EclipseLogger - Using platform encoding (Cp1252 actually) to copy filtered resources, i.e. build is platform dependent!
2020-02-07 11:51:43,608 [Worker-313] INFO  o.e.m.c.i.embedder.EclipseLogger - Copying 0 resource
2020-02-07 11:51:50,952 [Worker-330] WARN  o.e.m.c.i.embedder.EclipseLogger - Using platform encoding (Cp1252 actually) to copy filtered resources, i.e. build is platform dependent!
2020-02-07 11:51:50,953 [Worker-330] INFO  o.e.m.c.i.embedder.EclipseLogger - Copying 0 resource
2020-02-07 11:51:50,954 [Worker-330] WARN  o.e.m.c.i.embedder.EclipseLogger - Using platform encoding (Cp1252 actually) to copy filtered resources, i.e. build is platform dependent!
2020-02-07 11:51:50,955 [Worker-330] INFO  o.e.m.c.i.embedder.EclipseLogger - Copying 0 resource
2020-02-07 11:52:04,572 [Worker-310] WARN  o.e.m.c.i.embedder.EclipseLogger - Using platform encoding (Cp1252 actually) to copy filtered resources, i.e. build is platform dependent!
2020-02-07 11:52:04,573 [Worker-310] INFO  o.e.m.c.i.embedder.EclipseLogger - Copying 0 resource
2020-02-07 11:52:04,574 [Worker-310] WARN  o.e.m.c.i.embedder.EclipseLogger - Using platform encoding (Cp1252 actually) to copy filtered resources, i.e. build is platform dependent!
2020-02-07 11:52:04,576 [Worker-310] INFO  o.e.m.c.i.embedder.EclipseLogger - Copying 0 resource
2020-02-07 11:52:45,753 [Worker-328] WARN  o.e.m.c.i.embedder.EclipseLogger - Using platform encoding (Cp1252 actually) to copy filtered resources, i.e. build is platform dependent!
2020-02-07 11:52:45,754 [Worker-328] INFO  o.e.m.c.i.embedder.EclipseLogger - Copying 0 resource
2020-02-07 11:52:45,755 [Worker-328] WARN  o.e.m.c.i.embedder.EclipseLogger - Using platform encoding (Cp1252 actually) to copy filtered resources, i.e. build is platform dependent!
2020-02-07 11:52:45,756 [Worker-328] INFO  o.e.m.c.i.embedder.EclipseLogger - Copying 0 resource
2020-02-07 11:53:34,321 [Worker-325] WARN  o.e.m.c.i.embedder.EclipseLogger - Using platform encoding (Cp1252 actually) to copy filtered resources, i.e. build is platform dependent!
2020-02-07 11:53:34,322 [Worker-325] INFO  o.e.m.c.i.embedder.EclipseLogger - Copying 0 resource
2020-02-07 11:53:34,324 [Worker-325] WARN  o.e.m.c.i.embedder.EclipseLogger - Using platform encoding (Cp1252 actually) to copy filtered resources, i.e. build is platform dependent!
2020-02-07 11:53:34,325 [Worker-325] INFO  o.e.m.c.i.embedder.EclipseLogger - Copying 0 resource
2020-02-07 11:54:35,028 [Worker-326] WARN  o.e.m.c.i.embedder.EclipseLogger - Using platform encoding (Cp1252 actually) to copy filtered resources, i.e. build is platform dependent!
2020-02-07 11:54:35,029 [Worker-326] INFO  o.e.m.c.i.embedder.EclipseLogger - Copying 0 resource
2020-02-07 11:54:35,031 [Worker-326] WARN  o.e.m.c.i.embedder.EclipseLogger - Using platform encoding (Cp1252 actually) to copy filtered resources, i.e. build is platform dependent!
2020-02-07 11:54:35,032 [Worker-326] INFO  o.e.m.c.i.embedder.EclipseLogger - Copying 0 resource
2020-02-07 11:57:29,526 [Worker-334] WARN  o.e.m.c.i.embedder.EclipseLogger - Using platform encoding (Cp1252 actually) to copy filtered resources, i.e. build is platform dependent!
2020-02-07 11:57:29,527 [Worker-334] INFO  o.e.m.c.i.embedder.EclipseLogger - Copying 0 resource
2020-02-07 11:57:29,528 [Worker-334] WARN  o.e.m.c.i.embedder.EclipseLogger - Using platform encoding (Cp1252 actually) to copy filtered resources, i.e. build is platform dependent!
2020-02-07 11:57:29,529 [Worker-334] INFO  o.e.m.c.i.embedder.EclipseLogger - Copying 0 resource
2020-02-07 11:58:05,030 [Worker-310] WARN  o.e.m.c.i.embedder.EclipseLogger - Using platform encoding (Cp1252 actually) to copy filtered resources, i.e. build is platform dependent!
2020-02-07 11:58:05,031 [Worker-310] INFO  o.e.m.c.i.embedder.EclipseLogger - Copying 0 resource
2020-02-07 11:58:05,032 [Worker-310] WARN  o.e.m.c.i.embedder.EclipseLogger - Using platform encoding (Cp1252 actually) to copy filtered resources, i.e. build is platform dependent!
2020-02-07 11:58:05,033 [Worker-310] INFO  o.e.m.c.i.embedder.EclipseLogger - Copying 0 resource
2020-02-07 11:58:34,586 [Worker-332] WARN  o.e.m.c.i.embedder.EclipseLogger - Using platform encoding (Cp1252 actually) to copy filtered resources, i.e. build is platform dependent!
2020-02-07 11:58:34,587 [Worker-332] INFO  o.e.m.c.i.embedder.EclipseLogger - Copying 0 resource
2020-02-07 11:58:34,588 [Worker-332] WARN  o.e.m.c.i.embedder.EclipseLogger - Using platform encoding (Cp1252 actually) to copy filtered resources, i.e. build is platform dependent!
2020-02-07 11:58:34,589 [Worker-332] INFO  o.e.m.c.i.embedder.EclipseLogger - Copying 0 resource
2020-02-07 11:58:45,931 [Worker-336] WARN  o.e.m.c.i.embedder.EclipseLogger - Using platform encoding (Cp1252 actually) to copy filtered resources, i.e. build is platform dependent!
2020-02-07 11:58:45,932 [Worker-336] INFO  o.e.m.c.i.embedder.EclipseLogger - Copying 0 resource
2020-02-07 11:58:45,933 [Worker-336] WARN  o.e.m.c.i.embedder.EclipseLogger - Using platform encoding (Cp1252 actually) to copy filtered resources, i.e. build is platform dependent!
2020-02-07 11:58:45,934 [Worker-336] INFO  o.e.m.c.i.embedder.EclipseLogger - Copying 0 resource
2020-02-07 12:13:45,102 [Worker-310] WARN  o.e.m.c.i.embedder.EclipseLogger - Using platform encoding (Cp1252 actually) to copy filtered resources, i.e. build is platform dependent!
2020-02-07 12:13:45,104 [Worker-310] INFO  o.e.m.c.i.embedder.EclipseLogger - Copying 0 resource
2020-02-07 12:13:45,106 [Worker-310] WARN  o.e.m.c.i.embedder.EclipseLogger - Using platform encoding (Cp1252 actually) to copy filtered resources, i.e. build is platform dependent!
2020-02-07 12:13:45,107 [Worker-310] INFO  o.e.m.c.i.embedder.EclipseLogger - Copying 0 resource
2020-02-07 12:16:06,444 [Worker-326] WARN  o.e.m.c.i.embedder.EclipseLogger - Using platform encoding (Cp1252 actually) to copy filtered resources, i.e. build is platform dependent!
2020-02-07 12:16:06,445 [Worker-326] INFO  o.e.m.c.i.embedder.EclipseLogger - Copying 0 resource
2020-02-07 12:16:06,446 [Worker-326] WARN  o.e.m.c.i.embedder.EclipseLogger - Using platform encoding (Cp1252 actually) to copy filtered resources, i.e. build is platform dependent!
2020-02-07 12:16:06,447 [Worker-326] INFO  o.e.m.c.i.embedder.EclipseLogger - Copying 0 resource
2020-02-07 12:16:18,978 [Worker-338] WARN  o.e.m.c.i.embedder.EclipseLogger - Using platform encoding (Cp1252 actually) to copy filtered resources, i.e. build is platform dependent!
2020-02-07 12:16:18,979 [Worker-338] INFO  o.e.m.c.i.embedder.EclipseLogger - Copying 0 resource
2020-02-07 12:16:18,981 [Worker-338] WARN  o.e.m.c.i.embedder.EclipseLogger - Using platform encoding (Cp1252 actually) to copy filtered resources, i.e. build is platform dependent!
2020-02-07 12:16:18,982 [Worker-338] INFO  o.e.m.c.i.embedder.EclipseLogger - Copying 0 resource
2020-02-07 12:16:21,921 [Worker-339] WARN  o.e.m.c.i.embedder.EclipseLogger - Using platform encoding (Cp1252 actually) to copy filtered resources, i.e. build is platform dependent!
2020-02-07 12:16:21,922 [Worker-339] INFO  o.e.m.c.i.embedder.EclipseLogger - Copying 0 resource
2020-02-07 12:16:21,924 [Worker-339] WARN  o.e.m.c.i.embedder.EclipseLogger - Using platform encoding (Cp1252 actually) to copy filtered resources, i.e. build is platform dependent!
2020-02-07 12:16:21,924 [Worker-339] INFO  o.e.m.c.i.embedder.EclipseLogger - Copying 0 resource
2020-02-07 12:41:52,359 [Worker-326] WARN  o.e.m.c.i.embedder.EclipseLogger - Using platform encoding (Cp1252 actually) to copy filtered resources, i.e. build is platform dependent!
2020-02-07 12:41:52,360 [Worker-326] INFO  o.e.m.c.i.embedder.EclipseLogger - Copying 0 resource
2020-02-07 12:41:52,361 [Worker-326] WARN  o.e.m.c.i.embedder.EclipseLogger - Using platform encoding (Cp1252 actually) to copy filtered resources, i.e. build is platform dependent!
2020-02-07 12:41:52,362 [Worker-326] INFO  o.e.m.c.i.embedder.EclipseLogger - Copying 0 resource
2020-02-07 12:42:26,337 [Worker-344] WARN  o.e.m.c.i.embedder.EclipseLogger - Using platform encoding (Cp1252 actually) to copy filtered resources, i.e. build is platform dependent!
2020-02-07 12:42:26,338 [Worker-344] INFO  o.e.m.c.i.embedder.EclipseLogger - Copying 0 resource
2020-02-07 12:42:26,340 [Worker-344] WARN  o.e.m.c.i.embedder.EclipseLogger - Using platform encoding (Cp1252 actually) to copy filtered resources, i.e. build is platform dependent!
2020-02-07 12:42:26,341 [Worker-344] INFO  o.e.m.c.i.embedder.EclipseLogger - Copying 0 resource
2020-02-07 12:42:28,614 [Worker-326] WARN  o.e.m.c.i.embedder.EclipseLogger - Using platform encoding (Cp1252 actually) to copy filtered resources, i.e. build is platform dependent!
2020-02-07 12:42:28,615 [Worker-326] INFO  o.e.m.c.i.embedder.EclipseLogger - Copying 0 resource
2020-02-07 12:42:28,616 [Worker-326] WARN  o.e.m.c.i.embedder.EclipseLogger - Using platform encoding (Cp1252 actually) to copy filtered resources, i.e. build is platform dependent!
2020-02-07 12:42:28,617 [Worker-326] INFO  o.e.m.c.i.embedder.EclipseLogger - Copying 0 resource
2020-02-07 12:42:33,279 [Worker-349] WARN  o.e.m.c.i.embedder.EclipseLogger - Using platform encoding (Cp1252 actually) to copy filtered resources, i.e. build is platform dependent!
2020-02-07 12:42:33,280 [Worker-349] INFO  o.e.m.c.i.embedder.EclipseLogger - Copying 0 resource
2020-02-07 12:42:33,281 [Worker-349] WARN  o.e.m.c.i.embedder.EclipseLogger - Using platform encoding (Cp1252 actually) to copy filtered resources, i.e. build is platform dependent!
2020-02-07 12:42:33,282 [Worker-349] INFO  o.e.m.c.i.embedder.EclipseLogger - Copying 0 resource
2020-02-07 12:50:52,742 [Worker-350] WARN  o.e.m.c.i.embedder.EclipseLogger - Using platform encoding (Cp1252 actually) to copy filtered resources, i.e. build is platform dependent!
2020-02-07 12:50:52,742 [Worker-350] INFO  o.e.m.c.i.embedder.EclipseLogger - Copying 0 resource
2020-02-07 12:50:52,743 [Worker-350] WARN  o.e.m.c.i.embedder.EclipseLogger - Using platform encoding (Cp1252 actually) to copy filtered resources, i.e. build is platform dependent!
2020-02-07 12:50:52,744 [Worker-350] INFO  o.e.m.c.i.embedder.EclipseLogger - Copying 0 resource
2020-02-07 12:54:32,322 [Worker-352] WARN  o.e.m.c.i.embedder.EclipseLogger - Using platform encoding (Cp1252 actually) to copy filtered resources, i.e. build is platform dependent!
2020-02-07 12:54:32,323 [Worker-352] INFO  o.e.m.c.i.embedder.EclipseLogger - Copying 0 resource
2020-02-07 12:54:32,324 [Worker-352] WARN  o.e.m.c.i.embedder.EclipseLogger - Using platform encoding (Cp1252 actually) to copy filtered resources, i.e. build is platform dependent!
2020-02-07 12:54:32,324 [Worker-352] INFO  o.e.m.c.i.embedder.EclipseLogger - Copying 0 resource
