2020-02-14 14:47:52,729 [Worker-108] INFO  o.e.m.c.i.l.LifecycleMappingFactory - Using org.maven.ide.eclipse.wtp.WarLifecycleMapping lifecycle mapping for MavenProject: formation.cgi:webmaventest1:1.0-SNAPSHOT @ C:\Users\utilisateur\Desktop\JavaProjects\workspaceJSP\ProjetResto\pom.xml.
2020-02-14 14:47:53,814 [Worker-108] INFO  o.e.m.j.i.AbstractJavaProjectConfigurator - Adding source folder /webmaventest1/src/main/java
2020-02-14 14:47:53,815 [Worker-108] INFO  o.e.m.j.i.AbstractJavaProjectConfigurator - Adding resource folder /webmaventest1/src/main/resources
2020-02-14 14:47:53,816 [Worker-108] INFO  o.e.m.j.i.AbstractJavaProjectConfigurator - Adding source folder /webmaventest1/src/test/java
2020-02-14 14:47:53,816 [Worker-108] INFO  o.e.m.j.i.AbstractJavaProjectConfigurator - Adding resource folder /webmaventest1/src/test/resources
2020-02-14 14:47:54,407 [Worker-108] INFO  o.e.m.c.i.p.ProjectConfigurationManager - Imported and configured 1 project(s) in 2 sec
2020-02-14 14:47:56,335 [Worker-117] WARN  o.e.m.c.i.embedder.EclipseLogger - Using platform encoding (Cp1252 actually) to copy filtered resources, i.e. build is platform dependent!
2020-02-14 14:47:56,342 [Worker-117] INFO  o.e.m.c.i.embedder.EclipseLogger - Copying 0 resource
2020-02-14 14:47:56,344 [Worker-117] WARN  o.e.m.c.i.embedder.EclipseLogger - Using platform encoding (Cp1252 actually) to copy filtered resources, i.e. build is platform dependent!
2020-02-14 14:47:56,345 [Worker-117] INFO  o.e.m.c.i.embedder.EclipseLogger - Copying 0 resource
2020-02-14 14:48:12,537 [Worker-110] INFO  o.e.m.c.i.l.LifecycleMappingFactory - Using org.maven.ide.eclipse.wtp.WarLifecycleMapping lifecycle mapping for MavenProject: formation.cgi:webmaventest1:1.0-SNAPSHOT @ C:\Users\utilisateur\Desktop\JavaProjects\workspaceJSP\ProjetResto\pom.xml.
2020-02-14 14:48:13,361 [Worker-110] WARN  o.e.m.c.i.embedder.EclipseLogger - Using platform encoding (Cp1252 actually) to copy filtered resources, i.e. build is platform dependent!
2020-02-14 14:48:13,362 [Worker-110] INFO  o.e.m.c.i.embedder.EclipseLogger - Copying 0 resource
2020-02-14 14:48:13,363 [Worker-110] WARN  o.e.m.c.i.embedder.EclipseLogger - Using platform encoding (Cp1252 actually) to copy filtered resources, i.e. build is platform dependent!
2020-02-14 14:48:13,364 [Worker-110] INFO  o.e.m.c.i.embedder.EclipseLogger - Copying 0 resource
2020-02-14 14:48:13,628 [Worker-108] WARN  o.e.m.c.i.embedder.EclipseLogger - Using platform encoding (Cp1252 actually) to copy filtered resources, i.e. build is platform dependent!
2020-02-14 14:48:13,635 [Worker-108] INFO  o.e.m.c.i.embedder.EclipseLogger - Copying 0 resource
2020-02-14 14:48:13,636 [Worker-108] WARN  o.e.m.c.i.embedder.EclipseLogger - Using platform encoding (Cp1252 actually) to copy filtered resources, i.e. build is platform dependent!
2020-02-14 14:48:13,636 [Worker-108] INFO  o.e.m.c.i.embedder.EclipseLogger - Copying 0 resource
2020-02-14 14:48:33,260 [Worker-118] WARN  o.e.m.c.i.embedder.EclipseLogger - Using platform encoding (Cp1252 actually) to copy filtered resources, i.e. build is platform dependent!
2020-02-14 14:48:33,260 [Worker-118] INFO  o.e.m.c.i.embedder.EclipseLogger - Copying 0 resource
2020-02-14 14:48:33,261 [Worker-118] WARN  o.e.m.c.i.embedder.EclipseLogger - Using platform encoding (Cp1252 actually) to copy filtered resources, i.e. build is platform dependent!
2020-02-14 14:48:33,262 [Worker-118] INFO  o.e.m.c.i.embedder.EclipseLogger - Copying 0 resource
2020-02-14 14:48:37,135 [Worker-108] WARN  o.e.m.c.i.embedder.EclipseLogger - Using platform encoding (Cp1252 actually) to copy filtered resources, i.e. build is platform dependent!
2020-02-14 14:48:37,135 [Worker-108] INFO  o.e.m.c.i.embedder.EclipseLogger - Copying 0 resource
2020-02-14 14:48:37,136 [Worker-108] WARN  o.e.m.c.i.embedder.EclipseLogger - Using platform encoding (Cp1252 actually) to copy filtered resources, i.e. build is platform dependent!
2020-02-14 14:48:37,137 [Worker-108] INFO  o.e.m.c.i.embedder.EclipseLogger - Copying 0 resource
2020-02-14 14:48:51,070 [Worker-118] WARN  o.e.m.c.i.embedder.EclipseLogger - Using platform encoding (Cp1252 actually) to copy filtered resources, i.e. build is platform dependent!
2020-02-14 14:48:51,071 [Worker-118] INFO  o.e.m.c.i.embedder.EclipseLogger - Copying 0 resource
2020-02-14 14:48:51,072 [Worker-118] WARN  o.e.m.c.i.embedder.EclipseLogger - Using platform encoding (Cp1252 actually) to copy filtered resources, i.e. build is platform dependent!
2020-02-14 14:48:51,072 [Worker-118] INFO  o.e.m.c.i.embedder.EclipseLogger - Copying 0 resource
2020-02-14 14:48:56,327 [Worker-120] WARN  o.e.m.c.i.embedder.EclipseLogger - Using platform encoding (Cp1252 actually) to copy filtered resources, i.e. build is platform dependent!
2020-02-14 14:48:56,328 [Worker-120] INFO  o.e.m.c.i.embedder.EclipseLogger - Copying 0 resource
2020-02-14 14:48:56,329 [Worker-120] WARN  o.e.m.c.i.embedder.EclipseLogger - Using platform encoding (Cp1252 actually) to copy filtered resources, i.e. build is platform dependent!
2020-02-14 14:48:56,330 [Worker-120] INFO  o.e.m.c.i.embedder.EclipseLogger - Copying 0 resource
2020-02-14 14:49:16,673 [Worker-120] WARN  o.e.m.c.i.embedder.EclipseLogger - Using platform encoding (Cp1252 actually) to copy filtered resources, i.e. build is platform dependent!
2020-02-14 14:49:16,674 [Worker-120] INFO  o.e.m.c.i.embedder.EclipseLogger - Copying 0 resource
2020-02-14 14:49:16,676 [Worker-120] WARN  o.e.m.c.i.embedder.EclipseLogger - Using platform encoding (Cp1252 actually) to copy filtered resources, i.e. build is platform dependent!
2020-02-14 14:49:16,677 [Worker-120] INFO  o.e.m.c.i.embedder.EclipseLogger - Copying 0 resource
2020-02-14 14:50:38,172 [Worker-110] INFO  o.e.m.c.i.l.LifecycleMappingFactory - Using org.maven.ide.eclipse.wtp.WarLifecycleMapping lifecycle mapping for MavenProject: formation.cgi:webmaventest1:1.0-SNAPSHOT @ C:\Users\utilisateur\Desktop\JavaProjects\workspaceJSP\ProjetResto\pom.xml.
2020-02-14 14:50:38,751 [Worker-110] WARN  o.e.m.c.i.embedder.EclipseLogger - Using platform encoding (Cp1252 actually) to copy filtered resources, i.e. build is platform dependent!
2020-02-14 14:50:38,752 [Worker-110] INFO  o.e.m.c.i.embedder.EclipseLogger - Copying 0 resource
2020-02-14 14:50:38,754 [Worker-110] WARN  o.e.m.c.i.embedder.EclipseLogger - Using platform encoding (Cp1252 actually) to copy filtered resources, i.e. build is platform dependent!
2020-02-14 14:50:38,757 [Worker-110] INFO  o.e.m.c.i.embedder.EclipseLogger - Copying 0 resource
2020-02-14 14:50:38,757 [Worker-110] INFO  o.e.m.w.i.f.ResourceFilteringBuildParticipant - Changed resources require a complete clean of filtered resources of formJSON
2020-02-14 14:50:38,758 [Worker-110] INFO  o.e.m.w.i.f.ResourceFilteringBuildParticipant - Executing resource filtering for formJSON
2020-02-14 14:50:38,762 [Worker-110] WARN  o.e.m.c.i.embedder.EclipseLogger - Using platform encoding (Cp1252 actually) to copy filtered resources, i.e. build is platform dependent!
2020-02-14 14:52:50,234 [Worker-116] INFO  o.e.m.c.i.l.LifecycleMappingFactory - Using org.eclipse.m2e.jdt.JarLifecycleMapping lifecycle mapping for MavenProject: formation.cgi:webmaventest1:1.0-SNAPSHOT @ C:\Users\utilisateur\Desktop\JavaProjects\workspaceJSP\ProjetResto\pom.xml.
2020-02-14 14:52:50,698 [Worker-116] WARN  o.e.m.c.i.embedder.EclipseLogger - Using platform encoding (Cp1252 actually) to copy filtered resources, i.e. build is platform dependent!
2020-02-14 14:52:50,700 [Worker-116] INFO  o.e.m.c.i.embedder.EclipseLogger - Copying 0 resource
2020-02-14 14:52:50,702 [Worker-116] WARN  o.e.m.c.i.embedder.EclipseLogger - Using platform encoding (Cp1252 actually) to copy filtered resources, i.e. build is platform dependent!
2020-02-14 14:52:50,702 [Worker-116] INFO  o.e.m.c.i.embedder.EclipseLogger - Copying 0 resource
2020-02-14 14:52:51,768 [Worker-115] WARN  o.e.m.c.i.embedder.EclipseLogger - Using platform encoding (Cp1252 actually) to copy filtered resources, i.e. build is platform dependent!
2020-02-14 14:52:51,769 [Worker-115] INFO  o.e.m.c.i.embedder.EclipseLogger - Copying 0 resource
2020-02-14 14:52:51,770 [Worker-115] WARN  o.e.m.c.i.embedder.EclipseLogger - Using platform encoding (Cp1252 actually) to copy filtered resources, i.e. build is platform dependent!
2020-02-14 14:52:51,771 [Worker-115] INFO  o.e.m.c.i.embedder.EclipseLogger - Copying 0 resource
2020-02-14 14:52:54,206 [Worker-112] INFO  o.e.m.c.i.l.LifecycleMappingFactory - Using org.eclipse.m2e.jdt.JarLifecycleMapping lifecycle mapping for MavenProject: formation.cgi:webmaventest1:1.0-SNAPSHOT @ C:\Users\utilisateur\Desktop\JavaProjects\workspaceJSP\ProjetResto\pom.xml.
2020-02-14 14:52:54,388 [Worker-112] WARN  o.e.m.c.i.embedder.EclipseLogger - Using platform encoding (Cp1252 actually) to copy filtered resources, i.e. build is platform dependent!
2020-02-14 14:52:54,390 [Worker-112] INFO  o.e.m.c.i.embedder.EclipseLogger - Copying 0 resource
2020-02-14 14:52:54,393 [Worker-112] WARN  o.e.m.c.i.embedder.EclipseLogger - Using platform encoding (Cp1252 actually) to copy filtered resources, i.e. build is platform dependent!
2020-02-14 14:52:54,396 [Worker-112] INFO  o.e.m.c.i.embedder.EclipseLogger - Copying 0 resource
2020-02-14 14:53:01,302 [Worker-126] INFO  o.e.m.c.i.l.LifecycleMappingFactory - Using org.eclipse.m2e.jdt.JarLifecycleMapping lifecycle mapping for MavenProject: formation.cgi:JSONProject:1.0-SNAPSHOT @ C:\Users\utilisateur\Desktop\JavaProjects\workspaceJSP\ProjetResto\pom.xml.
2020-02-14 14:53:01,496 [Worker-126] WARN  o.e.m.c.i.embedder.EclipseLogger - Using platform encoding (Cp1252 actually) to copy filtered resources, i.e. build is platform dependent!
2020-02-14 14:53:01,497 [Worker-126] INFO  o.e.m.c.i.embedder.EclipseLogger - Copying 0 resource
2020-02-14 14:53:01,499 [Worker-126] WARN  o.e.m.c.i.embedder.EclipseLogger - Using platform encoding (Cp1252 actually) to copy filtered resources, i.e. build is platform dependent!
2020-02-14 14:53:01,500 [Worker-126] INFO  o.e.m.c.i.embedder.EclipseLogger - Copying 0 resource
2020-02-14 14:53:17,614 [Worker-125] INFO  o.e.m.c.i.l.LifecycleMappingFactory - Using org.maven.ide.eclipse.wtp.WarLifecycleMapping lifecycle mapping for MavenProject: formation.cgi:JSONProject:1.0-SNAPSHOT @ C:\Users\utilisateur\Desktop\JavaProjects\workspaceJSP\ProjetResto\pom.xml.
2020-02-14 14:53:18,130 [Worker-125] WARN  o.e.m.c.i.embedder.EclipseLogger - Using platform encoding (Cp1252 actually) to copy filtered resources, i.e. build is platform dependent!
2020-02-14 14:53:18,132 [Worker-125] INFO  o.e.m.c.i.embedder.EclipseLogger - Copying 0 resource
2020-02-14 14:53:18,134 [Worker-125] WARN  o.e.m.c.i.embedder.EclipseLogger - Using platform encoding (Cp1252 actually) to copy filtered resources, i.e. build is platform dependent!
2020-02-14 14:53:18,134 [Worker-125] INFO  o.e.m.c.i.embedder.EclipseLogger - Copying 0 resource
2020-02-14 14:53:18,135 [Worker-125] INFO  o.e.m.w.i.f.ResourceFilteringBuildParticipant - Changed resources require a complete clean of filtered resources of formJSON
2020-02-14 14:53:18,135 [Worker-125] INFO  o.e.m.w.i.f.ResourceFilteringBuildParticipant - Executing resource filtering for formJSON
2020-02-14 14:53:18,137 [Worker-125] WARN  o.e.m.c.i.embedder.EclipseLogger - Using platform encoding (Cp1252 actually) to copy filtered resources, i.e. build is platform dependent!
2020-02-14 14:53:19,194 [Worker-125] WARN  o.e.m.c.i.embedder.EclipseLogger - Using platform encoding (Cp1252 actually) to copy filtered resources, i.e. build is platform dependent!
2020-02-14 14:53:19,194 [Worker-125] INFO  o.e.m.c.i.embedder.EclipseLogger - Copying 0 resource
2020-02-14 14:53:19,195 [Worker-125] WARN  o.e.m.c.i.embedder.EclipseLogger - Using platform encoding (Cp1252 actually) to copy filtered resources, i.e. build is platform dependent!
2020-02-14 14:53:19,196 [Worker-125] INFO  o.e.m.c.i.embedder.EclipseLogger - Copying 0 resource
2020-02-14 14:53:28,818 [Worker-110] WARN  o.e.m.c.i.embedder.EclipseLogger - Using platform encoding (Cp1252 actually) to copy filtered resources, i.e. build is platform dependent!
2020-02-14 14:53:28,819 [Worker-110] INFO  o.e.m.c.i.embedder.EclipseLogger - Copying 0 resource
2020-02-14 14:53:28,821 [Worker-110] WARN  o.e.m.c.i.embedder.EclipseLogger - Using platform encoding (Cp1252 actually) to copy filtered resources, i.e. build is platform dependent!
2020-02-14 14:53:28,822 [Worker-110] INFO  o.e.m.c.i.embedder.EclipseLogger - Copying 0 resource
2020-02-14 14:54:06,202 [Worker-112] WARN  o.e.m.c.i.embedder.EclipseLogger - Using platform encoding (Cp1252 actually) to copy filtered resources, i.e. build is platform dependent!
2020-02-14 14:54:06,203 [Worker-112] INFO  o.e.m.c.i.embedder.EclipseLogger - Copying 0 resource
2020-02-14 14:54:06,204 [Worker-112] WARN  o.e.m.c.i.embedder.EclipseLogger - Using platform encoding (Cp1252 actually) to copy filtered resources, i.e. build is platform dependent!
2020-02-14 14:54:06,205 [Worker-112] INFO  o.e.m.c.i.embedder.EclipseLogger - Copying 0 resource
2020-02-14 14:54:23,814 [Worker-122] WARN  o.e.m.c.i.embedder.EclipseLogger - Using platform encoding (Cp1252 actually) to copy filtered resources, i.e. build is platform dependent!
2020-02-14 14:54:23,815 [Worker-122] INFO  o.e.m.c.i.embedder.EclipseLogger - Copying 0 resource
2020-02-14 14:54:23,816 [Worker-122] WARN  o.e.m.c.i.embedder.EclipseLogger - Using platform encoding (Cp1252 actually) to copy filtered resources, i.e. build is platform dependent!
2020-02-14 14:54:23,817 [Worker-122] INFO  o.e.m.c.i.embedder.EclipseLogger - Copying 0 resource
2020-02-14 14:54:28,265 [Worker-128] WARN  o.e.m.c.i.embedder.EclipseLogger - Using platform encoding (Cp1252 actually) to copy filtered resources, i.e. build is platform dependent!
2020-02-14 14:54:28,266 [Worker-128] INFO  o.e.m.c.i.embedder.EclipseLogger - Copying 0 resource
2020-02-14 14:54:28,268 [Worker-128] WARN  o.e.m.c.i.embedder.EclipseLogger - Using platform encoding (Cp1252 actually) to copy filtered resources, i.e. build is platform dependent!
2020-02-14 14:54:28,268 [Worker-128] INFO  o.e.m.c.i.embedder.EclipseLogger - Copying 0 resource
2020-02-14 14:54:52,984 [Worker-125] WARN  o.e.m.c.i.embedder.EclipseLogger - Using platform encoding (Cp1252 actually) to copy filtered resources, i.e. build is platform dependent!
2020-02-14 14:54:52,985 [Worker-125] INFO  o.e.m.c.i.embedder.EclipseLogger - Copying 0 resource
2020-02-14 14:54:52,986 [Worker-125] WARN  o.e.m.c.i.embedder.EclipseLogger - Using platform encoding (Cp1252 actually) to copy filtered resources, i.e. build is platform dependent!
2020-02-14 14:54:52,987 [Worker-125] INFO  o.e.m.c.i.embedder.EclipseLogger - Copying 0 resource
2020-02-14 14:55:37,316 [Worker-123] WARN  o.e.m.c.i.embedder.EclipseLogger - Using platform encoding (Cp1252 actually) to copy filtered resources, i.e. build is platform dependent!
2020-02-14 14:55:37,317 [Worker-123] INFO  o.e.m.c.i.embedder.EclipseLogger - Copying 0 resource
2020-02-14 14:55:37,319 [Worker-123] WARN  o.e.m.c.i.embedder.EclipseLogger - Using platform encoding (Cp1252 actually) to copy filtered resources, i.e. build is platform dependent!
2020-02-14 14:55:37,320 [Worker-123] INFO  o.e.m.c.i.embedder.EclipseLogger - Copying 0 resource
2020-02-14 14:57:23,784 [Worker-129] WARN  o.e.m.c.i.embedder.EclipseLogger - Using platform encoding (Cp1252 actually) to copy filtered resources, i.e. build is platform dependent!
2020-02-14 14:57:23,785 [Worker-129] INFO  o.e.m.c.i.embedder.EclipseLogger - Copying 0 resource
2020-02-14 14:57:23,787 [Worker-129] WARN  o.e.m.c.i.embedder.EclipseLogger - Using platform encoding (Cp1252 actually) to copy filtered resources, i.e. build is platform dependent!
2020-02-14 14:57:23,789 [Worker-129] INFO  o.e.m.c.i.embedder.EclipseLogger - Copying 0 resource
2020-02-14 14:57:51,217 [Worker-123] WARN  o.e.m.c.i.embedder.EclipseLogger - Using platform encoding (Cp1252 actually) to copy filtered resources, i.e. build is platform dependent!
2020-02-14 14:57:51,218 [Worker-123] INFO  o.e.m.c.i.embedder.EclipseLogger - Copying 0 resource
2020-02-14 14:57:51,220 [Worker-123] WARN  o.e.m.c.i.embedder.EclipseLogger - Using platform encoding (Cp1252 actually) to copy filtered resources, i.e. build is platform dependent!
2020-02-14 14:57:51,220 [Worker-123] INFO  o.e.m.c.i.embedder.EclipseLogger - Copying 0 resource
2020-02-14 14:58:15,907 [Worker-129] WARN  o.e.m.c.i.embedder.EclipseLogger - Using platform encoding (Cp1252 actually) to copy filtered resources, i.e. build is platform dependent!
2020-02-14 14:58:15,908 [Worker-129] INFO  o.e.m.c.i.embedder.EclipseLogger - Copying 0 resource
2020-02-14 14:58:15,909 [Worker-129] WARN  o.e.m.c.i.embedder.EclipseLogger - Using platform encoding (Cp1252 actually) to copy filtered resources, i.e. build is platform dependent!
2020-02-14 14:58:15,910 [Worker-129] INFO  o.e.m.c.i.embedder.EclipseLogger - Copying 0 resource
2020-02-14 14:59:52,906 [Worker-128] WARN  o.e.m.c.i.embedder.EclipseLogger - Using platform encoding (Cp1252 actually) to copy filtered resources, i.e. build is platform dependent!
2020-02-14 14:59:52,906 [Worker-128] INFO  o.e.m.c.i.embedder.EclipseLogger - Copying 0 resource
2020-02-14 14:59:52,908 [Worker-128] WARN  o.e.m.c.i.embedder.EclipseLogger - Using platform encoding (Cp1252 actually) to copy filtered resources, i.e. build is platform dependent!
2020-02-14 14:59:52,909 [Worker-128] INFO  o.e.m.c.i.embedder.EclipseLogger - Copying 0 resource
2020-02-14 15:00:05,029 [Worker-128] WARN  o.e.m.c.i.embedder.EclipseLogger - Using platform encoding (Cp1252 actually) to copy filtered resources, i.e. build is platform dependent!
2020-02-14 15:00:05,030 [Worker-128] INFO  o.e.m.c.i.embedder.EclipseLogger - Copying 0 resource
2020-02-14 15:00:05,031 [Worker-128] WARN  o.e.m.c.i.embedder.EclipseLogger - Using platform encoding (Cp1252 actually) to copy filtered resources, i.e. build is platform dependent!
2020-02-14 15:00:05,032 [Worker-128] INFO  o.e.m.c.i.embedder.EclipseLogger - Copying 0 resource
2020-02-14 15:00:53,635 [Worker-112] WARN  o.e.m.c.i.embedder.EclipseLogger - Using platform encoding (Cp1252 actually) to copy filtered resources, i.e. build is platform dependent!
2020-02-14 15:00:53,636 [Worker-112] INFO  o.e.m.c.i.embedder.EclipseLogger - Copying 0 resource
2020-02-14 15:00:53,639 [Worker-112] WARN  o.e.m.c.i.embedder.EclipseLogger - Using platform encoding (Cp1252 actually) to copy filtered resources, i.e. build is platform dependent!
2020-02-14 15:00:53,639 [Worker-112] INFO  o.e.m.c.i.embedder.EclipseLogger - Copying 0 resource
2020-02-14 15:02:12,119 [Worker-130] WARN  o.e.m.c.i.embedder.EclipseLogger - Using platform encoding (Cp1252 actually) to copy filtered resources, i.e. build is platform dependent!
2020-02-14 15:02:12,120 [Worker-130] INFO  o.e.m.c.i.embedder.EclipseLogger - Copying 0 resource
2020-02-14 15:02:12,121 [Worker-130] WARN  o.e.m.c.i.embedder.EclipseLogger - Using platform encoding (Cp1252 actually) to copy filtered resources, i.e. build is platform dependent!
2020-02-14 15:02:12,122 [Worker-130] INFO  o.e.m.c.i.embedder.EclipseLogger - Copying 0 resource
2020-02-14 15:02:15,300 [Worker-124] WARN  o.e.m.c.i.embedder.EclipseLogger - Using platform encoding (Cp1252 actually) to copy filtered resources, i.e. build is platform dependent!
2020-02-14 15:02:15,301 [Worker-124] INFO  o.e.m.c.i.embedder.EclipseLogger - Copying 0 resource
2020-02-14 15:02:15,304 [Worker-124] WARN  o.e.m.c.i.embedder.EclipseLogger - Using platform encoding (Cp1252 actually) to copy filtered resources, i.e. build is platform dependent!
2020-02-14 15:02:15,305 [Worker-124] INFO  o.e.m.c.i.embedder.EclipseLogger - Copying 0 resource
2020-02-14 15:02:25,803 [Worker-112] WARN  o.e.m.c.i.embedder.EclipseLogger - Using platform encoding (Cp1252 actually) to copy filtered resources, i.e. build is platform dependent!
2020-02-14 15:02:25,804 [Worker-112] INFO  o.e.m.c.i.embedder.EclipseLogger - Copying 0 resource
2020-02-14 15:02:25,805 [Worker-112] WARN  o.e.m.c.i.embedder.EclipseLogger - Using platform encoding (Cp1252 actually) to copy filtered resources, i.e. build is platform dependent!
2020-02-14 15:02:25,806 [Worker-112] INFO  o.e.m.c.i.embedder.EclipseLogger - Copying 0 resource
2020-02-14 15:03:01,433 [Worker-122] WARN  o.e.m.c.i.embedder.EclipseLogger - Using platform encoding (Cp1252 actually) to copy filtered resources, i.e. build is platform dependent!
2020-02-14 15:03:01,433 [Worker-122] INFO  o.e.m.c.i.embedder.EclipseLogger - Copying 0 resource
2020-02-14 15:03:01,435 [Worker-122] WARN  o.e.m.c.i.embedder.EclipseLogger - Using platform encoding (Cp1252 actually) to copy filtered resources, i.e. build is platform dependent!
2020-02-14 15:03:01,435 [Worker-122] INFO  o.e.m.c.i.embedder.EclipseLogger - Copying 0 resource
2020-02-14 15:03:39,861 [Worker-130] WARN  o.e.m.c.i.embedder.EclipseLogger - Using platform encoding (Cp1252 actually) to copy filtered resources, i.e. build is platform dependent!
2020-02-14 15:03:39,862 [Worker-130] INFO  o.e.m.c.i.embedder.EclipseLogger - Copying 0 resource
2020-02-14 15:03:39,863 [Worker-130] WARN  o.e.m.c.i.embedder.EclipseLogger - Using platform encoding (Cp1252 actually) to copy filtered resources, i.e. build is platform dependent!
2020-02-14 15:03:39,864 [Worker-130] INFO  o.e.m.c.i.embedder.EclipseLogger - Copying 0 resource
2020-02-14 15:04:13,310 [Worker-124] WARN  o.e.m.c.i.embedder.EclipseLogger - Using platform encoding (Cp1252 actually) to copy filtered resources, i.e. build is platform dependent!
2020-02-14 15:04:13,311 [Worker-124] INFO  o.e.m.c.i.embedder.EclipseLogger - Copying 0 resource
2020-02-14 15:04:13,312 [Worker-124] WARN  o.e.m.c.i.embedder.EclipseLogger - Using platform encoding (Cp1252 actually) to copy filtered resources, i.e. build is platform dependent!
2020-02-14 15:04:13,313 [Worker-124] INFO  o.e.m.c.i.embedder.EclipseLogger - Copying 0 resource
2020-02-14 15:04:18,201 [Worker-125] WARN  o.e.m.c.i.embedder.EclipseLogger - Using platform encoding (Cp1252 actually) to copy filtered resources, i.e. build is platform dependent!
2020-02-14 15:04:18,201 [Worker-125] INFO  o.e.m.c.i.embedder.EclipseLogger - Copying 0 resource
2020-02-14 15:04:18,203 [Worker-125] WARN  o.e.m.c.i.embedder.EclipseLogger - Using platform encoding (Cp1252 actually) to copy filtered resources, i.e. build is platform dependent!
2020-02-14 15:04:18,203 [Worker-125] INFO  o.e.m.c.i.embedder.EclipseLogger - Copying 0 resource
2020-02-14 15:06:11,878 [Worker-132] WARN  o.e.m.c.i.embedder.EclipseLogger - Using platform encoding (Cp1252 actually) to copy filtered resources, i.e. build is platform dependent!
2020-02-14 15:06:11,879 [Worker-132] INFO  o.e.m.c.i.embedder.EclipseLogger - Copying 0 resource
2020-02-14 15:06:11,880 [Worker-132] WARN  o.e.m.c.i.embedder.EclipseLogger - Using platform encoding (Cp1252 actually) to copy filtered resources, i.e. build is platform dependent!
2020-02-14 15:06:11,881 [Worker-132] INFO  o.e.m.c.i.embedder.EclipseLogger - Copying 0 resource
2020-02-14 15:06:13,932 [Worker-127] WARN  o.e.m.c.i.embedder.EclipseLogger - Using platform encoding (Cp1252 actually) to copy filtered resources, i.e. build is platform dependent!
2020-02-14 15:06:13,933 [Worker-127] INFO  o.e.m.c.i.embedder.EclipseLogger - Copying 0 resource
2020-02-14 15:06:13,935 [Worker-127] WARN  o.e.m.c.i.embedder.EclipseLogger - Using platform encoding (Cp1252 actually) to copy filtered resources, i.e. build is platform dependent!
2020-02-14 15:06:13,935 [Worker-127] INFO  o.e.m.c.i.embedder.EclipseLogger - Copying 0 resource
2020-02-14 15:06:30,771 [Worker-130] WARN  o.e.m.c.i.embedder.EclipseLogger - Using platform encoding (Cp1252 actually) to copy filtered resources, i.e. build is platform dependent!
2020-02-14 15:06:30,772 [Worker-130] INFO  o.e.m.c.i.embedder.EclipseLogger - Copying 0 resource
2020-02-14 15:06:30,774 [Worker-130] WARN  o.e.m.c.i.embedder.EclipseLogger - Using platform encoding (Cp1252 actually) to copy filtered resources, i.e. build is platform dependent!
2020-02-14 15:06:30,775 [Worker-130] INFO  o.e.m.c.i.embedder.EclipseLogger - Copying 0 resource
2020-02-14 15:07:08,272 [Worker-125] WARN  o.e.m.c.i.embedder.EclipseLogger - Using platform encoding (Cp1252 actually) to copy filtered resources, i.e. build is platform dependent!
2020-02-14 15:07:08,273 [Worker-125] INFO  o.e.m.c.i.embedder.EclipseLogger - Copying 0 resource
2020-02-14 15:07:08,274 [Worker-125] WARN  o.e.m.c.i.embedder.EclipseLogger - Using platform encoding (Cp1252 actually) to copy filtered resources, i.e. build is platform dependent!
2020-02-14 15:07:08,275 [Worker-125] INFO  o.e.m.c.i.embedder.EclipseLogger - Copying 0 resource
2020-02-14 15:07:19,428 [Worker-125] WARN  o.e.m.c.i.embedder.EclipseLogger - Using platform encoding (Cp1252 actually) to copy filtered resources, i.e. build is platform dependent!
2020-02-14 15:07:19,429 [Worker-125] INFO  o.e.m.c.i.embedder.EclipseLogger - Copying 0 resource
2020-02-14 15:07:19,431 [Worker-125] WARN  o.e.m.c.i.embedder.EclipseLogger - Using platform encoding (Cp1252 actually) to copy filtered resources, i.e. build is platform dependent!
2020-02-14 15:07:19,433 [Worker-125] INFO  o.e.m.c.i.embedder.EclipseLogger - Copying 0 resource
2020-02-14 15:08:21,270 [Worker-126] WARN  o.e.m.c.i.embedder.EclipseLogger - Using platform encoding (Cp1252 actually) to copy filtered resources, i.e. build is platform dependent!
2020-02-14 15:08:21,271 [Worker-126] INFO  o.e.m.c.i.embedder.EclipseLogger - Copying 0 resource
2020-02-14 15:08:21,273 [Worker-126] WARN  o.e.m.c.i.embedder.EclipseLogger - Using platform encoding (Cp1252 actually) to copy filtered resources, i.e. build is platform dependent!
2020-02-14 15:08:21,274 [Worker-126] INFO  o.e.m.c.i.embedder.EclipseLogger - Copying 0 resource
2020-02-14 15:10:24,623 [Worker-128] WARN  o.e.m.c.i.embedder.EclipseLogger - Using platform encoding (Cp1252 actually) to copy filtered resources, i.e. build is platform dependent!
2020-02-14 15:10:24,624 [Worker-128] INFO  o.e.m.c.i.embedder.EclipseLogger - Copying 0 resource
2020-02-14 15:10:24,625 [Worker-128] WARN  o.e.m.c.i.embedder.EclipseLogger - Using platform encoding (Cp1252 actually) to copy filtered resources, i.e. build is platform dependent!
2020-02-14 15:10:24,626 [Worker-128] INFO  o.e.m.c.i.embedder.EclipseLogger - Copying 0 resource
2020-02-14 15:10:38,327 [Worker-140] WARN  o.e.m.c.i.embedder.EclipseLogger - Using platform encoding (Cp1252 actually) to copy filtered resources, i.e. build is platform dependent!
2020-02-14 15:10:38,328 [Worker-140] INFO  o.e.m.c.i.embedder.EclipseLogger - Copying 0 resource
2020-02-14 15:10:38,329 [Worker-140] WARN  o.e.m.c.i.embedder.EclipseLogger - Using platform encoding (Cp1252 actually) to copy filtered resources, i.e. build is platform dependent!
2020-02-14 15:10:38,329 [Worker-140] INFO  o.e.m.c.i.embedder.EclipseLogger - Copying 0 resource
2020-02-14 15:10:51,876 [Worker-124] WARN  o.e.m.c.i.embedder.EclipseLogger - Using platform encoding (Cp1252 actually) to copy filtered resources, i.e. build is platform dependent!
2020-02-14 15:10:51,877 [Worker-124] INFO  o.e.m.c.i.embedder.EclipseLogger - Copying 0 resource
2020-02-14 15:10:51,878 [Worker-124] WARN  o.e.m.c.i.embedder.EclipseLogger - Using platform encoding (Cp1252 actually) to copy filtered resources, i.e. build is platform dependent!
2020-02-14 15:10:51,879 [Worker-124] INFO  o.e.m.c.i.embedder.EclipseLogger - Copying 0 resource
2020-02-14 15:17:38,810 [Worker-143] WARN  o.e.m.c.i.embedder.EclipseLogger - Using platform encoding (Cp1252 actually) to copy filtered resources, i.e. build is platform dependent!
2020-02-14 15:17:38,810 [Worker-143] INFO  o.e.m.c.i.embedder.EclipseLogger - skip non existing resourceDirectory C:\Users\utilisateur\Desktop\JavaProjects\workspaceJSP\ProjetResto\src\main\resources
2020-02-14 15:17:38,811 [Worker-143] WARN  o.e.m.c.i.embedder.EclipseLogger - Using platform encoding (Cp1252 actually) to copy filtered resources, i.e. build is platform dependent!
2020-02-14 15:17:38,812 [Worker-143] INFO  o.e.m.c.i.embedder.EclipseLogger - skip non existing resourceDirectory C:\Users\utilisateur\Desktop\JavaProjects\workspaceJSP\ProjetResto\src\test\resources
